{"/Users/vinhtran/Desktop/junior/fall/SWE/f23-adventurista/frontend/App.js": {"path":"/Users/vinhtran/Desktop/junior/fall/SWE/f23-adventurista/frontend/App.js","statementMap":{"0":{"start":{"line":12,"column":0},"end":{"line":12,"column":268}},"1":{"start":{"line":15,"column":2},"end":{"line":21,"column":4}},"2":{"start":{"line":24,"column":15},"end":{"line":29,"column":2}}},"fnMap":{"0":{"name":"App","decl":{"start":{"line":14,"column":24},"end":{"line":14,"column":27}},"loc":{"start":{"line":14,"column":30},"end":{"line":22,"column":1}},"line":14}},"branchMap":{},"s":{"0":0,"1":0,"2":0},"f":{"0":0},"b":{}}
,"/Users/vinhtran/Desktop/junior/fall/SWE/f23-adventurista/frontend/Navigators/AuthenticationNavigator.js": {"path":"/Users/vinhtran/Desktop/junior/fall/SWE/f23-adventurista/frontend/Navigators/AuthenticationNavigator.js","statementMap":{"0":{"start":{"line":9,"column":14},"end":{"line":9,"column":36}},"1":{"start":{"line":11,"column":16},"end":{"line":37,"column":1}},"2":{"start":{"line":12,"column":4},"end":{"line":36,"column":6}},"3":{"start":{"line":40,"column":4},"end":{"line":40,"column":23}}},"fnMap":{"0":{"name":"(anonymous_0)","decl":{"start":{"line":11,"column":16},"end":{"line":11,"column":17}},"loc":{"start":{"line":11,"column":22},"end":{"line":37,"column":1}},"line":11},"1":{"name":"AuthenticationNavigator","decl":{"start":{"line":39,"column":24},"end":{"line":39,"column":47}},"loc":{"start":{"line":39,"column":50},"end":{"line":41,"column":1}},"line":39}},"branchMap":{},"s":{"0":2,"1":2,"2":2,"3":2},"f":{"0":2,"1":2},"b":{},"_coverageSchema":"1a1c01bbd47fc00a2c39e90264f33305004495a9","hash":"f502d0b8eb683f91e20490c63b9b47712a2c3e9c"}
,"/Users/vinhtran/Desktop/junior/fall/SWE/f23-adventurista/frontend/Navigators/CalendarNavigator.js": {"path":"/Users/vinhtran/Desktop/junior/fall/SWE/f23-adventurista/frontend/Navigators/CalendarNavigator.js","statementMap":{"0":{"start":{"line":7,"column":14},"end":{"line":7,"column":36}},"1":{"start":{"line":9,"column":16},"end":{"line":28,"column":1}},"2":{"start":{"line":10,"column":4},"end":{"line":27,"column":5}},"3":{"start":{"line":31,"column":4},"end":{"line":31,"column":23}}},"fnMap":{"0":{"name":"(anonymous_0)","decl":{"start":{"line":9,"column":16},"end":{"line":9,"column":17}},"loc":{"start":{"line":9,"column":22},"end":{"line":28,"column":1}},"line":9},"1":{"name":"CalendarNavigator","decl":{"start":{"line":30,"column":24},"end":{"line":30,"column":41}},"loc":{"start":{"line":30,"column":44},"end":{"line":32,"column":1}},"line":30}},"branchMap":{},"s":{"0":1,"1":1,"2":2,"3":2},"f":{"0":2,"1":2},"b":{},"_coverageSchema":"1a1c01bbd47fc00a2c39e90264f33305004495a9","hash":"b230adf0ebe2bbd3004ae0ffcf8ecb2ab5f8f532"}
,"/Users/vinhtran/Desktop/junior/fall/SWE/f23-adventurista/frontend/Navigators/FeedNavigator.js": {"path":"/Users/vinhtran/Desktop/junior/fall/SWE/f23-adventurista/frontend/Navigators/FeedNavigator.js","statementMap":{"0":{"start":{"line":8,"column":14},"end":{"line":8,"column":36}},"1":{"start":{"line":10,"column":16},"end":{"line":36,"column":1}},"2":{"start":{"line":11,"column":4},"end":{"line":35,"column":5}},"3":{"start":{"line":39,"column":4},"end":{"line":39,"column":23}}},"fnMap":{"0":{"name":"(anonymous_0)","decl":{"start":{"line":10,"column":16},"end":{"line":10,"column":17}},"loc":{"start":{"line":10,"column":22},"end":{"line":36,"column":1}},"line":10},"1":{"name":"FeedNavigator","decl":{"start":{"line":38,"column":24},"end":{"line":38,"column":37}},"loc":{"start":{"line":38,"column":40},"end":{"line":40,"column":1}},"line":38}},"branchMap":{},"s":{"0":1,"1":1,"2":2,"3":2},"f":{"0":2,"1":2},"b":{},"_coverageSchema":"1a1c01bbd47fc00a2c39e90264f33305004495a9","hash":"8f07805b2752d5ad4e1f1e78a779952a878bf017"}
,"/Users/vinhtran/Desktop/junior/fall/SWE/f23-adventurista/frontend/Navigators/MainNavigator.js": {"path":"/Users/vinhtran/Desktop/junior/fall/SWE/f23-adventurista/frontend/Navigators/MainNavigator.js","statementMap":{"0":{"start":{"line":17,"column":12},"end":{"line":17,"column":38}},"1":{"start":{"line":19,"column":22},"end":{"line":90,"column":1}},"2":{"start":{"line":21,"column":23},"end":{"line":21,"column":52}},"3":{"start":{"line":22,"column":21},"end":{"line":22,"column":34}},"4":{"start":{"line":24,"column":4},"end":{"line":89,"column":5}},"5":{"start":{"line":25,"column":8},"end":{"line":86,"column":10}},"6":{"start":{"line":40,"column":22},"end":{"line":40,"column":64}},"7":{"start":{"line":50,"column":22},"end":{"line":50,"column":67}},"8":{"start":{"line":60,"column":22},"end":{"line":60,"column":63}},"9":{"start":{"line":70,"column":22},"end":{"line":70,"column":67}},"10":{"start":{"line":80,"column":22},"end":{"line":80,"column":63}},"11":{"start":{"line":88,"column":8},"end":{"line":88,"column":43}}},"fnMap":{"0":{"name":"(anonymous_0)","decl":{"start":{"line":19,"column":22},"end":{"line":19,"column":23}},"loc":{"start":{"line":19,"column":28},"end":{"line":90,"column":1}},"line":19},"1":{"name":"(anonymous_1)","decl":{"start":{"line":39,"column":32},"end":{"line":39,"column":33}},"loc":{"start":{"line":40,"column":22},"end":{"line":40,"column":64}},"line":40},"2":{"name":"(anonymous_2)","decl":{"start":{"line":49,"column":32},"end":{"line":49,"column":33}},"loc":{"start":{"line":50,"column":22},"end":{"line":50,"column":67}},"line":50},"3":{"name":"(anonymous_3)","decl":{"start":{"line":59,"column":32},"end":{"line":59,"column":33}},"loc":{"start":{"line":60,"column":22},"end":{"line":60,"column":63}},"line":60},"4":{"name":"(anonymous_4)","decl":{"start":{"line":69,"column":32},"end":{"line":69,"column":33}},"loc":{"start":{"line":70,"column":22},"end":{"line":70,"column":67}},"line":70},"5":{"name":"(anonymous_5)","decl":{"start":{"line":79,"column":32},"end":{"line":79,"column":33}},"loc":{"start":{"line":80,"column":22},"end":{"line":80,"column":63}},"line":80}},"branchMap":{"0":{"loc":{"start":{"line":24,"column":4},"end":{"line":89,"column":5}},"type":"if","locations":[{"start":{"line":24,"column":4},"end":{"line":89,"column":5}},{"start":{"line":87,"column":11},"end":{"line":89,"column":5}}],"line":24}},"s":{"0":1,"1":1,"2":1,"3":1,"4":1,"5":1,"6":0,"7":0,"8":0,"9":0,"10":0,"11":0},"f":{"0":1,"1":0,"2":0,"3":0,"4":0,"5":0},"b":{"0":[1,0]},"_coverageSchema":"1a1c01bbd47fc00a2c39e90264f33305004495a9","hash":"c75ef32440886fabde0305154ea8ae90723e5fd0"}
,"/Users/vinhtran/Desktop/junior/fall/SWE/f23-adventurista/frontend/Navigators/PostNavigator.js": {"path":"/Users/vinhtran/Desktop/junior/fall/SWE/f23-adventurista/frontend/Navigators/PostNavigator.js","statementMap":{"0":{"start":{"line":6,"column":14},"end":{"line":6,"column":36}},"1":{"start":{"line":8,"column":16},"end":{"line":20,"column":1}},"2":{"start":{"line":9,"column":4},"end":{"line":19,"column":5}},"3":{"start":{"line":23,"column":4},"end":{"line":23,"column":23}}},"fnMap":{"0":{"name":"(anonymous_0)","decl":{"start":{"line":8,"column":16},"end":{"line":8,"column":17}},"loc":{"start":{"line":8,"column":22},"end":{"line":20,"column":1}},"line":8},"1":{"name":"PostNavigator","decl":{"start":{"line":22,"column":24},"end":{"line":22,"column":37}},"loc":{"start":{"line":22,"column":40},"end":{"line":24,"column":1}},"line":22}},"branchMap":{},"s":{"0":1,"1":1,"2":2,"3":2},"f":{"0":2,"1":2},"b":{},"_coverageSchema":"1a1c01bbd47fc00a2c39e90264f33305004495a9","hash":"5595f658c31648162f1c306cd4cf40b2786db8de"}
,"/Users/vinhtran/Desktop/junior/fall/SWE/f23-adventurista/frontend/Navigators/ProfileNavigator.js": {"path":"/Users/vinhtran/Desktop/junior/fall/SWE/f23-adventurista/frontend/Navigators/ProfileNavigator.js","statementMap":{"0":{"start":{"line":8,"column":14},"end":{"line":8,"column":36}},"1":{"start":{"line":10,"column":16},"end":{"line":36,"column":1}},"2":{"start":{"line":11,"column":4},"end":{"line":35,"column":5}},"3":{"start":{"line":39,"column":4},"end":{"line":39,"column":23}}},"fnMap":{"0":{"name":"(anonymous_0)","decl":{"start":{"line":10,"column":16},"end":{"line":10,"column":17}},"loc":{"start":{"line":10,"column":22},"end":{"line":36,"column":1}},"line":10},"1":{"name":"ProfileNavigator","decl":{"start":{"line":38,"column":24},"end":{"line":38,"column":40}},"loc":{"start":{"line":38,"column":43},"end":{"line":40,"column":1}},"line":38}},"branchMap":{},"s":{"0":1,"1":1,"2":2,"3":2},"f":{"0":2,"1":2},"b":{},"_coverageSchema":"1a1c01bbd47fc00a2c39e90264f33305004495a9","hash":"1c4fd3547df607cca3cf7e3cf277493c85fef852"}
,"/Users/vinhtran/Desktop/junior/fall/SWE/f23-adventurista/frontend/Navigators/SavedEventsNavigator.js": {"path":"/Users/vinhtran/Desktop/junior/fall/SWE/f23-adventurista/frontend/Navigators/SavedEventsNavigator.js","statementMap":{"0":{"start":{"line":7,"column":14},"end":{"line":7,"column":36}},"1":{"start":{"line":9,"column":16},"end":{"line":28,"column":1}},"2":{"start":{"line":10,"column":4},"end":{"line":27,"column":5}},"3":{"start":{"line":31,"column":4},"end":{"line":31,"column":23}}},"fnMap":{"0":{"name":"(anonymous_0)","decl":{"start":{"line":9,"column":16},"end":{"line":9,"column":17}},"loc":{"start":{"line":9,"column":22},"end":{"line":28,"column":1}},"line":9},"1":{"name":"MessagesNavigator","decl":{"start":{"line":30,"column":24},"end":{"line":30,"column":41}},"loc":{"start":{"line":30,"column":44},"end":{"line":32,"column":1}},"line":30}},"branchMap":{},"s":{"0":1,"1":1,"2":2,"3":2},"f":{"0":2,"1":2},"b":{},"_coverageSchema":"1a1c01bbd47fc00a2c39e90264f33305004495a9","hash":"f8472c612d115042acbbb21bc8186e96b8b8b5ca"}
,"/Users/vinhtran/Desktop/junior/fall/SWE/f23-adventurista/frontend/Redux/constants.js": {"path":"/Users/vinhtran/Desktop/junior/fall/SWE/f23-adventurista/frontend/Redux/constants.js","statementMap":{"0":{"start":{"line":1,"column":29},"end":{"line":1,"column":44}},"1":{"start":{"line":2,"column":26},"end":{"line":2,"column":38}},"2":{"start":{"line":3,"column":28},"end":{"line":3,"column":42}}},"fnMap":{},"branchMap":{},"s":{"0":11,"1":11,"2":11},"f":{},"b":{},"_coverageSchema":"1a1c01bbd47fc00a2c39e90264f33305004495a9","hash":"c4ecbcef169ba6f2b44a43d8f069c39c673f52da"}
,"/Users/vinhtran/Desktop/junior/fall/SWE/f23-adventurista/frontend/Redux/store.js": {"path":"/Users/vinhtran/Desktop/junior/fall/SWE/f23-adventurista/frontend/Redux/store.js","statementMap":{"0":{"start":{"line":5,"column":17},"end":{"line":7,"column":2}},"1":{"start":{"line":9,"column":14},"end":{"line":9,"column":59}}},"fnMap":{},"branchMap":{},"s":{"0":2,"1":2},"f":{},"b":{},"_coverageSchema":"1a1c01bbd47fc00a2c39e90264f33305004495a9","hash":"012fbe34a3dd845ab93158779d9fab9b6d7a8894"}
,"/Users/vinhtran/Desktop/junior/fall/SWE/f23-adventurista/frontend/Redux/userSlice.js": {"path":"/Users/vinhtran/Desktop/junior/fall/SWE/f23-adventurista/frontend/Redux/userSlice.js","statementMap":{"0":{"start":{"line":4,"column":27},"end":{"line":9,"column":1}},"1":{"start":{"line":5,"column":4},"end":{"line":8,"column":5}},"2":{"start":{"line":11,"column":26},"end":{"line":16,"column":1}},"3":{"start":{"line":12,"column":4},"end":{"line":15,"column":5}},"4":{"start":{"line":18,"column":25},"end":{"line":22,"column":1}},"5":{"start":{"line":19,"column":4},"end":{"line":21,"column":5}},"6":{"start":{"line":25,"column":21},"end":{"line":46,"column":1}},"7":{"start":{"line":48,"column":27},"end":{"line":84,"column":1}},"8":{"start":{"line":49,"column":4},"end":{"line":82,"column":5}},"9":{"start":{"line":51,"column":12},"end":{"line":72,"column":13}},"10":{"start":{"line":75,"column":12},"end":{"line":75,"column":40}},"11":{"start":{"line":78,"column":12},"end":{"line":81,"column":13}},"12":{"start":{"line":83,"column":4},"end":{"line":83,"column":17}},"13":{"start":{"line":88,"column":32},"end":{"line":88,"column":86}},"14":{"start":{"line":88,"column":43},"end":{"line":88,"column":86}},"15":{"start":{"line":89,"column":30},"end":{"line":89,"column":55}},"16":{"start":{"line":89,"column":41},"end":{"line":89,"column":55}},"17":{"start":{"line":90,"column":29},"end":{"line":90,"column":72}},"18":{"start":{"line":90,"column":40},"end":{"line":90,"column":72}}},"fnMap":{"0":{"name":"(anonymous_0)","decl":{"start":{"line":4,"column":27},"end":{"line":4,"column":28}},"loc":{"start":{"line":4,"column":40},"end":{"line":9,"column":1}},"line":4},"1":{"name":"(anonymous_1)","decl":{"start":{"line":11,"column":26},"end":{"line":11,"column":27}},"loc":{"start":{"line":11,"column":39},"end":{"line":16,"column":1}},"line":11},"2":{"name":"(anonymous_2)","decl":{"start":{"line":18,"column":25},"end":{"line":18,"column":26}},"loc":{"start":{"line":18,"column":31},"end":{"line":22,"column":1}},"line":18},"3":{"name":"(anonymous_3)","decl":{"start":{"line":48,"column":27},"end":{"line":48,"column":28}},"loc":{"start":{"line":48,"column":61},"end":{"line":84,"column":1}},"line":48},"4":{"name":"(anonymous_4)","decl":{"start":{"line":88,"column":32},"end":{"line":88,"column":33}},"loc":{"start":{"line":88,"column":43},"end":{"line":88,"column":86}},"line":88},"5":{"name":"(anonymous_5)","decl":{"start":{"line":89,"column":30},"end":{"line":89,"column":31}},"loc":{"start":{"line":89,"column":41},"end":{"line":89,"column":55}},"line":89},"6":{"name":"(anonymous_6)","decl":{"start":{"line":90,"column":29},"end":{"line":90,"column":30}},"loc":{"start":{"line":90,"column":40},"end":{"line":90,"column":72}},"line":90}},"branchMap":{"0":{"loc":{"start":{"line":48,"column":28},"end":{"line":48,"column":48}},"type":"default-arg","locations":[{"start":{"line":48,"column":36},"end":{"line":48,"column":48}}],"line":48},"1":{"loc":{"start":{"line":49,"column":4},"end":{"line":82,"column":5}},"type":"switch","locations":[{"start":{"line":50,"column":8},"end":{"line":72,"column":13}},{"start":{"line":74,"column":8},"end":{"line":75,"column":40}},{"start":{"line":77,"column":8},"end":{"line":81,"column":13}}],"line":49},"2":{"loc":{"start":{"line":88,"column":43},"end":{"line":88,"column":86}},"type":"binary-expr","locations":[{"start":{"line":88,"column":43},"end":{"line":88,"column":77}},{"start":{"line":88,"column":81},"end":{"line":88,"column":86}}],"line":88},"3":{"loc":{"start":{"line":90,"column":40},"end":{"line":90,"column":72}},"type":"binary-expr","locations":[{"start":{"line":90,"column":40},"end":{"line":90,"column":63}},{"start":{"line":90,"column":67},"end":{"line":90,"column":72}}],"line":90}},"s":{"0":11,"1":3,"2":11,"3":1,"4":11,"5":1,"6":11,"7":11,"8":9,"9":1,"10":1,"11":1,"12":6,"13":11,"14":0,"15":11,"16":11,"17":11,"18":0},"f":{"0":3,"1":1,"2":1,"3":9,"4":0,"5":11,"6":0},"b":{"0":[6],"1":[1,1,1],"2":[0,0],"3":[0,0]},"_coverageSchema":"1a1c01bbd47fc00a2c39e90264f33305004495a9","hash":"940e07c6ba0a55a3e906e5802d4cd15e472d39dd"}
,"/Users/vinhtran/Desktop/junior/fall/SWE/f23-adventurista/frontend/Screens/Authenticate/Login/Login.js": {"path":"/Users/vinhtran/Desktop/junior/fall/SWE/f23-adventurista/frontend/Screens/Authenticate/Login/Login.js","statementMap":{"0":{"start":{"line":9,"column":14},"end":{"line":81,"column":1}},"1":{"start":{"line":11,"column":18},"end":{"line":11,"column":74}},"2":{"start":{"line":14,"column":19},"end":{"line":14,"column":32}},"3":{"start":{"line":15,"column":28},"end":{"line":15,"column":40}},"4":{"start":{"line":16,"column":34},"end":{"line":16,"column":46}},"5":{"start":{"line":18,"column":22},"end":{"line":56,"column":3}},"6":{"start":{"line":19,"column":4},"end":{"line":55,"column":5}},"7":{"start":{"line":20,"column":25},"end":{"line":23,"column":8}},"8":{"start":{"line":24,"column":6},"end":{"line":51,"column":7}},"9":{"start":{"line":25,"column":21},"end":{"line":25,"column":34}},"10":{"start":{"line":26,"column":8},"end":{"line":47,"column":12}},"11":{"start":{"line":48,"column":8},"end":{"line":48,"column":41}},"12":{"start":{"line":50,"column":8},"end":{"line":50,"column":56}},"13":{"start":{"line":53,"column":6},"end":{"line":53,"column":23}},"14":{"start":{"line":54,"column":6},"end":{"line":54,"column":93}},"15":{"start":{"line":58,"column":2},"end":{"line":80,"column":4}},"16":{"start":{"line":65,"column":72},"end":{"line":65,"column":86}},"17":{"start":{"line":69,"column":78},"end":{"line":69,"column":95}},"18":{"start":{"line":76,"column":86},"end":{"line":76,"column":120}},"19":{"start":{"line":83,"column":15},"end":{"line":139,"column":2}}},"fnMap":{"0":{"name":"(anonymous_0)","decl":{"start":{"line":9,"column":14},"end":{"line":9,"column":15}},"loc":{"start":{"line":9,"column":34},"end":{"line":81,"column":1}},"line":9},"1":{"name":"(anonymous_1)","decl":{"start":{"line":18,"column":22},"end":{"line":18,"column":23}},"loc":{"start":{"line":18,"column":34},"end":{"line":56,"column":3}},"line":18},"2":{"name":"(anonymous_2)","decl":{"start":{"line":65,"column":62},"end":{"line":65,"column":63}},"loc":{"start":{"line":65,"column":72},"end":{"line":65,"column":86}},"line":65},"3":{"name":"(anonymous_3)","decl":{"start":{"line":69,"column":68},"end":{"line":69,"column":69}},"loc":{"start":{"line":69,"column":78},"end":{"line":69,"column":95}},"line":69},"4":{"name":"(anonymous_4)","decl":{"start":{"line":76,"column":80},"end":{"line":76,"column":81}},"loc":{"start":{"line":76,"column":86},"end":{"line":76,"column":120}},"line":76}},"branchMap":{"0":{"loc":{"start":{"line":24,"column":6},"end":{"line":51,"column":7}},"type":"if","locations":[{"start":{"line":24,"column":6},"end":{"line":51,"column":7}},{"start":{"line":49,"column":13},"end":{"line":51,"column":7}}],"line":24}},"s":{"0":2,"1":7,"2":7,"3":7,"4":7,"5":7,"6":2,"7":2,"8":1,"9":1,"10":1,"11":1,"12":0,"13":1,"14":1,"15":7,"16":1,"17":1,"18":1,"19":2},"f":{"0":7,"1":2,"2":1,"3":1,"4":1},"b":{"0":[1,0]},"_coverageSchema":"1a1c01bbd47fc00a2c39e90264f33305004495a9","hash":"a80498612c7091d7af5184e232304c76dbd01fbb"}
,"/Users/vinhtran/Desktop/junior/fall/SWE/f23-adventurista/frontend/Screens/Authenticate/Signup/Signup.js": {"path":"/Users/vinhtran/Desktop/junior/fall/SWE/f23-adventurista/frontend/Screens/Authenticate/Signup/Signup.js","statementMap":{"0":{"start":{"line":5,"column":15},"end":{"line":66,"column":1}},"1":{"start":{"line":7,"column":18},"end":{"line":7,"column":78}},"2":{"start":{"line":9,"column":28},"end":{"line":9,"column":40}},"3":{"start":{"line":10,"column":34},"end":{"line":10,"column":46}},"4":{"start":{"line":11,"column":28},"end":{"line":11,"column":40}},"5":{"start":{"line":12,"column":26},"end":{"line":12,"column":38}},"6":{"start":{"line":14,"column":23},"end":{"line":33,"column":3}},"7":{"start":{"line":15,"column":4},"end":{"line":32,"column":5}},"8":{"start":{"line":16,"column":25},"end":{"line":21,"column":8}},"9":{"start":{"line":22,"column":6},"end":{"line":28,"column":7}},"10":{"start":{"line":23,"column":21},"end":{"line":23,"column":34}},"11":{"start":{"line":24,"column":8},"end":{"line":24,"column":54}},"12":{"start":{"line":25,"column":8},"end":{"line":25,"column":53}},"13":{"start":{"line":27,"column":8},"end":{"line":27,"column":65}},"14":{"start":{"line":30,"column":6},"end":{"line":30,"column":23}},"15":{"start":{"line":31,"column":6},"end":{"line":31,"column":85}},"16":{"start":{"line":35,"column":2},"end":{"line":65,"column":4}},"17":{"start":{"line":42,"column":76},"end":{"line":42,"column":90}},"18":{"start":{"line":46,"column":74},"end":{"line":46,"column":87}},"19":{"start":{"line":50,"column":72},"end":{"line":50,"column":86}},"20":{"start":{"line":54,"column":78},"end":{"line":54,"column":95}},"21":{"start":{"line":61,"column":85},"end":{"line":61,"column":118}},"22":{"start":{"line":68,"column":15},"end":{"line":124,"column":2}}},"fnMap":{"0":{"name":"(anonymous_0)","decl":{"start":{"line":5,"column":15},"end":{"line":5,"column":16}},"loc":{"start":{"line":5,"column":35},"end":{"line":66,"column":1}},"line":5},"1":{"name":"(anonymous_1)","decl":{"start":{"line":14,"column":23},"end":{"line":14,"column":24}},"loc":{"start":{"line":14,"column":35},"end":{"line":33,"column":3}},"line":14},"2":{"name":"(anonymous_2)","decl":{"start":{"line":42,"column":66},"end":{"line":42,"column":67}},"loc":{"start":{"line":42,"column":76},"end":{"line":42,"column":90}},"line":42},"3":{"name":"(anonymous_3)","decl":{"start":{"line":46,"column":64},"end":{"line":46,"column":65}},"loc":{"start":{"line":46,"column":74},"end":{"line":46,"column":87}},"line":46},"4":{"name":"(anonymous_4)","decl":{"start":{"line":50,"column":62},"end":{"line":50,"column":63}},"loc":{"start":{"line":50,"column":72},"end":{"line":50,"column":86}},"line":50},"5":{"name":"(anonymous_5)","decl":{"start":{"line":54,"column":68},"end":{"line":54,"column":69}},"loc":{"start":{"line":54,"column":78},"end":{"line":54,"column":95}},"line":54},"6":{"name":"(anonymous_6)","decl":{"start":{"line":61,"column":79},"end":{"line":61,"column":80}},"loc":{"start":{"line":61,"column":85},"end":{"line":61,"column":118}},"line":61}},"branchMap":{"0":{"loc":{"start":{"line":22,"column":6},"end":{"line":28,"column":7}},"type":"if","locations":[{"start":{"line":22,"column":6},"end":{"line":28,"column":7}},{"start":{"line":26,"column":13},"end":{"line":28,"column":7}}],"line":22}},"s":{"0":2,"1":9,"2":9,"3":9,"4":9,"5":9,"6":9,"7":2,"8":2,"9":1,"10":1,"11":1,"12":1,"13":0,"14":1,"15":1,"16":9,"17":1,"18":1,"19":1,"20":1,"21":1,"22":2},"f":{"0":9,"1":2,"2":1,"3":1,"4":1,"5":1,"6":1},"b":{"0":[1,0]},"_coverageSchema":"1a1c01bbd47fc00a2c39e90264f33305004495a9","hash":"24f48fdf90d66c1396c058a1b9aa104b54facb14"}
,"/Users/vinhtran/Desktop/junior/fall/SWE/f23-adventurista/frontend/Screens/Authenticate/Signup/Step2.js": {"path":"/Users/vinhtran/Desktop/junior/fall/SWE/f23-adventurista/frontend/Screens/Authenticate/Signup/Step2.js","statementMap":{"0":{"start":{"line":11,"column":14},"end":{"line":118,"column":1}},"1":{"start":{"line":13,"column":18},"end":{"line":13,"column":96}},"2":{"start":{"line":16,"column":19},"end":{"line":16,"column":32}},"3":{"start":{"line":18,"column":36},"end":{"line":18,"column":48}},"4":{"start":{"line":19,"column":42},"end":{"line":19,"column":54}},"5":{"start":{"line":20,"column":24},"end":{"line":20,"column":36}},"6":{"start":{"line":21,"column":34},"end":{"line":21,"column":46}},"7":{"start":{"line":23,"column":19},"end":{"line":23,"column":31}},"8":{"start":{"line":25,"column":31},"end":{"line":66,"column":3}},"9":{"start":{"line":26,"column":4},"end":{"line":65,"column":5}},"10":{"start":{"line":28,"column":25},"end":{"line":33,"column":8}},"11":{"start":{"line":34,"column":6},"end":{"line":61,"column":7}},"12":{"start":{"line":35,"column":28},"end":{"line":35,"column":41}},"13":{"start":{"line":36,"column":8},"end":{"line":57,"column":12}},"14":{"start":{"line":58,"column":8},"end":{"line":58,"column":48}},"15":{"start":{"line":60,"column":8},"end":{"line":60,"column":55}},"16":{"start":{"line":63,"column":6},"end":{"line":63,"column":23}},"17":{"start":{"line":64,"column":6},"end":{"line":64,"column":94}},"18":{"start":{"line":68,"column":28},"end":{"line":73,"column":3}},"19":{"start":{"line":69,"column":20},"end":{"line":69,"column":29}},"20":{"start":{"line":70,"column":6},"end":{"line":70,"column":33}},"21":{"start":{"line":71,"column":6},"end":{"line":71,"column":28}},"22":{"start":{"line":72,"column":6},"end":{"line":72,"column":26}},"23":{"start":{"line":75,"column":2},"end":{"line":117,"column":4}},"24":{"start":{"line":82,"column":93},"end":{"line":82,"column":105}},"25":{"start":{"line":86,"column":117},"end":{"line":86,"column":134}},"26":{"start":{"line":92,"column":86},"end":{"line":92,"column":107}},"27":{"start":{"line":100,"column":16},"end":{"line":102,"column":18}},"28":{"start":{"line":105,"column":75},"end":{"line":105,"column":91}},"29":{"start":{"line":120,"column":15},"end":{"line":169,"column":2}}},"fnMap":{"0":{"name":"(anonymous_0)","decl":{"start":{"line":11,"column":14},"end":{"line":11,"column":15}},"loc":{"start":{"line":11,"column":41},"end":{"line":118,"column":1}},"line":11},"1":{"name":"(anonymous_1)","decl":{"start":{"line":25,"column":31},"end":{"line":25,"column":32}},"loc":{"start":{"line":25,"column":43},"end":{"line":66,"column":3}},"line":25},"2":{"name":"(anonymous_2)","decl":{"start":{"line":68,"column":28},"end":{"line":68,"column":29}},"loc":{"start":{"line":68,"column":34},"end":{"line":73,"column":3}},"line":68},"3":{"name":"(anonymous_3)","decl":{"start":{"line":82,"column":83},"end":{"line":82,"column":84}},"loc":{"start":{"line":82,"column":93},"end":{"line":82,"column":105}},"line":82},"4":{"name":"(anonymous_4)","decl":{"start":{"line":86,"column":107},"end":{"line":86,"column":108}},"loc":{"start":{"line":86,"column":117},"end":{"line":86,"column":134}},"line":86},"5":{"name":"(anonymous_5)","decl":{"start":{"line":92,"column":76},"end":{"line":92,"column":77}},"loc":{"start":{"line":92,"column":86},"end":{"line":92,"column":107}},"line":92},"6":{"name":"(anonymous_6)","decl":{"start":{"line":99,"column":51},"end":{"line":99,"column":52}},"loc":{"start":{"line":99,"column":67},"end":{"line":103,"column":13}},"line":99},"7":{"name":"(anonymous_7)","decl":{"start":{"line":105,"column":69},"end":{"line":105,"column":70}},"loc":{"start":{"line":105,"column":75},"end":{"line":105,"column":91}},"line":105}},"branchMap":{"0":{"loc":{"start":{"line":34,"column":6},"end":{"line":61,"column":7}},"type":"if","locations":[{"start":{"line":34,"column":6},"end":{"line":61,"column":7}},{"start":{"line":59,"column":13},"end":{"line":61,"column":7}}],"line":34},"1":{"loc":{"start":{"line":89,"column":61},"end":{"line":89,"column":134}},"type":"cond-expr","locations":[{"start":{"line":89,"column":86},"end":{"line":89,"column":88}},{"start":{"line":89,"column":91},"end":{"line":89,"column":134}}],"line":89},"2":{"loc":{"start":{"line":90,"column":9},"end":{"line":96,"column":15}},"type":"binary-expr","locations":[{"start":{"line":90,"column":9},"end":{"line":90,"column":29}},{"start":{"line":91,"column":8},"end":{"line":96,"column":15}}],"line":90},"3":{"loc":{"start":{"line":99,"column":13},"end":{"line":103,"column":14}},"type":"binary-expr","locations":[{"start":{"line":99,"column":13},"end":{"line":99,"column":33}},{"start":{"line":99,"column":37},"end":{"line":103,"column":14}}],"line":99},"4":{"loc":{"start":{"line":104,"column":13},"end":{"line":107,"column":31}},"type":"binary-expr","locations":[{"start":{"line":104,"column":13},"end":{"line":104,"column":35}},{"start":{"line":105,"column":12},"end":{"line":107,"column":31}}],"line":104},"5":{"loc":{"start":{"line":111,"column":54},"end":{"line":111,"column":86}},"type":"cond-expr","locations":[{"start":{"line":111,"column":79},"end":{"line":111,"column":81}},{"start":{"line":111,"column":84},"end":{"line":111,"column":86}}],"line":111}},"s":{"0":2,"1":18,"2":18,"3":18,"4":18,"5":18,"6":18,"7":18,"8":18,"9":2,"10":2,"11":0,"12":0,"13":0,"14":0,"15":0,"16":2,"17":2,"18":18,"19":4,"20":4,"21":4,"22":4,"23":18,"24":1,"25":1,"26":5,"27":10,"28":1,"29":2},"f":{"0":18,"1":2,"2":4,"3":1,"4":1,"5":5,"6":10,"7":1},"b":{"0":[0,0],"1":[1,17],"2":[18,17],"3":[18,6],"4":[18,1],"5":[1,17]},"_coverageSchema":"1a1c01bbd47fc00a2c39e90264f33305004495a9","hash":"b2545752bb1403678a4b6710301d09316ca98dc5"}
,"/Users/vinhtran/Desktop/junior/fall/SWE/f23-adventurista/frontend/Screens/Calendar/Calendar.js": {"path":"/Users/vinhtran/Desktop/junior/fall/SWE/f23-adventurista/frontend/Screens/Calendar/Calendar.js","statementMap":{"0":{"start":{"line":10,"column":17},"end":{"line":62,"column":1}},"1":{"start":{"line":12,"column":15},"end":{"line":12,"column":42}},"2":{"start":{"line":14,"column":25},"end":{"line":14,"column":100}},"3":{"start":{"line":15,"column":23},"end":{"line":15,"column":94}},"4":{"start":{"line":17,"column":36},"end":{"line":17,"column":48}},"5":{"start":{"line":18,"column":28},"end":{"line":18,"column":40}},"6":{"start":{"line":20,"column":2},"end":{"line":43,"column":25}},"7":{"start":{"line":21,"column":4},"end":{"line":29,"column":9}},"8":{"start":{"line":23,"column":8},"end":{"line":23,"column":36}},"9":{"start":{"line":24,"column":8},"end":{"line":24,"column":45}},"10":{"start":{"line":28,"column":8},"end":{"line":28,"column":27}},"11":{"start":{"line":31,"column":6},"end":{"line":39,"column":9}},"12":{"start":{"line":33,"column":8},"end":{"line":33,"column":44}},"13":{"start":{"line":34,"column":8},"end":{"line":34,"column":38}},"14":{"start":{"line":38,"column":8},"end":{"line":38,"column":27}},"15":{"start":{"line":45,"column":2},"end":{"line":61,"column":4}},"16":{"start":{"line":64,"column":15},"end":{"line":92,"column":2}}},"fnMap":{"0":{"name":"(anonymous_0)","decl":{"start":{"line":10,"column":17},"end":{"line":10,"column":18}},"loc":{"start":{"line":10,"column":23},"end":{"line":62,"column":1}},"line":10},"1":{"name":"(anonymous_1)","decl":{"start":{"line":20,"column":12},"end":{"line":20,"column":13}},"loc":{"start":{"line":20,"column":18},"end":{"line":43,"column":3}},"line":20},"2":{"name":"(anonymous_2)","decl":{"start":{"line":22,"column":12},"end":{"line":22,"column":13}},"loc":{"start":{"line":22,"column":26},"end":{"line":26,"column":7}},"line":22},"3":{"name":"(anonymous_3)","decl":{"start":{"line":27,"column":13},"end":{"line":27,"column":14}},"loc":{"start":{"line":27,"column":24},"end":{"line":29,"column":7}},"line":27},"4":{"name":"(anonymous_4)","decl":{"start":{"line":32,"column":12},"end":{"line":32,"column":13}},"loc":{"start":{"line":32,"column":26},"end":{"line":36,"column":7}},"line":32},"5":{"name":"(anonymous_5)","decl":{"start":{"line":37,"column":13},"end":{"line":37,"column":14}},"loc":{"start":{"line":37,"column":24},"end":{"line":39,"column":7}},"line":37}},"branchMap":{},"s":{"0":0,"1":0,"2":0,"3":0,"4":0,"5":0,"6":0,"7":0,"8":0,"9":0,"10":0,"11":0,"12":0,"13":0,"14":0,"15":0,"16":0},"f":{"0":0,"1":0,"2":0,"3":0,"4":0,"5":0},"b":{}}
,"/Users/vinhtran/Desktop/junior/fall/SWE/f23-adventurista/frontend/Screens/Feed/Feed.js": {"path":"/Users/vinhtran/Desktop/junior/fall/SWE/f23-adventurista/frontend/Screens/Feed/Feed.js","statementMap":{"0":{"start":{"line":10,"column":13},"end":{"line":56,"column":1}},"1":{"start":{"line":11,"column":15},"end":{"line":11,"column":42}},"2":{"start":{"line":12,"column":18},"end":{"line":12,"column":84}},"3":{"start":{"line":13,"column":18},"end":{"line":13,"column":44}},"4":{"start":{"line":14,"column":19},"end":{"line":14,"column":32}},"5":{"start":{"line":16,"column":28},"end":{"line":16,"column":40}},"6":{"start":{"line":19,"column":2},"end":{"line":29,"column":25}},"7":{"start":{"line":20,"column":4},"end":{"line":28,"column":7}},"8":{"start":{"line":22,"column":6},"end":{"line":22,"column":30}},"9":{"start":{"line":23,"column":6},"end":{"line":23,"column":34}},"10":{"start":{"line":27,"column":6},"end":{"line":27,"column":25}},"11":{"start":{"line":31,"column":2},"end":{"line":55,"column":4}},"12":{"start":{"line":39,"column":10},"end":{"line":50,"column":12}},"13":{"start":{"line":51,"column":21},"end":{"line":51,"column":28}},"14":{"start":{"line":58,"column":15},"end":{"line":63,"column":2}}},"fnMap":{"0":{"name":"(anonymous_0)","decl":{"start":{"line":10,"column":13},"end":{"line":10,"column":14}},"loc":{"start":{"line":10,"column":33},"end":{"line":56,"column":1}},"line":10},"1":{"name":"(anonymous_1)","decl":{"start":{"line":19,"column":12},"end":{"line":19,"column":13}},"loc":{"start":{"line":19,"column":18},"end":{"line":29,"column":3}},"line":19},"2":{"name":"(anonymous_2)","decl":{"start":{"line":21,"column":10},"end":{"line":21,"column":11}},"loc":{"start":{"line":21,"column":24},"end":{"line":25,"column":5}},"line":21},"3":{"name":"(anonymous_3)","decl":{"start":{"line":26,"column":11},"end":{"line":26,"column":12}},"loc":{"start":{"line":26,"column":22},"end":{"line":28,"column":5}},"line":26},"4":{"name":"(anonymous_4)","decl":{"start":{"line":38,"column":20},"end":{"line":38,"column":21}},"loc":{"start":{"line":39,"column":10},"end":{"line":50,"column":12}},"line":39},"5":{"name":"(anonymous_5)","decl":{"start":{"line":51,"column":13},"end":{"line":51,"column":14}},"loc":{"start":{"line":51,"column":21},"end":{"line":51,"column":28}},"line":51}},"branchMap":{},"s":{"0":1,"1":0,"2":0,"3":0,"4":0,"5":0,"6":0,"7":0,"8":0,"9":0,"10":0,"11":0,"12":0,"13":0,"14":1},"f":{"0":0,"1":0,"2":0,"3":0,"4":0,"5":0},"b":{},"_coverageSchema":"1a1c01bbd47fc00a2c39e90264f33305004495a9","hash":"b864d28576350d926fc32ffbc48becd37ddf1c15"}
,"/Users/vinhtran/Desktop/junior/fall/SWE/f23-adventurista/frontend/Screens/Feed/FeedFixedTop.js": {"path":"/Users/vinhtran/Desktop/junior/fall/SWE/f23-adventurista/frontend/Screens/Feed/FeedFixedTop.js","statementMap":{"0":{"start":{"line":8,"column":21},"end":{"line":106,"column":1}},"1":{"start":{"line":10,"column":15},"end":{"line":10,"column":42}},"2":{"start":{"line":11,"column":19},"end":{"line":11,"column":32}},"3":{"start":{"line":12,"column":18},"end":{"line":12,"column":73}},"4":{"start":{"line":14,"column":34},"end":{"line":14,"column":46}},"5":{"start":{"line":15,"column":48},"end":{"line":15,"column":63}},"6":{"start":{"line":17,"column":26},"end":{"line":19,"column":3}},"7":{"start":{"line":18,"column":4},"end":{"line":18,"column":41}},"8":{"start":{"line":21,"column":28},"end":{"line":53,"column":3}},"9":{"start":{"line":22,"column":4},"end":{"line":52,"column":5}},"10":{"start":{"line":23,"column":23},"end":{"line":31,"column":10}},"11":{"start":{"line":33,"column":6},"end":{"line":47,"column":7}},"12":{"start":{"line":34,"column":28},"end":{"line":34,"column":41}},"13":{"start":{"line":35,"column":8},"end":{"line":35,"column":76}},"14":{"start":{"line":38,"column":8},"end":{"line":38,"column":35}},"15":{"start":{"line":39,"column":8},"end":{"line":41,"column":14}},"16":{"start":{"line":43,"column":8},"end":{"line":43,"column":25}},"17":{"start":{"line":44,"column":8},"end":{"line":44,"column":60}},"18":{"start":{"line":46,"column":8},"end":{"line":46,"column":57}},"19":{"start":{"line":49,"column":8},"end":{"line":49,"column":25}},"20":{"start":{"line":50,"column":8},"end":{"line":50,"column":87}},"21":{"start":{"line":55,"column":2},"end":{"line":105,"column":4}},"22":{"start":{"line":59,"column":41},"end":{"line":59,"column":77}},"23":{"start":{"line":76,"column":38},"end":{"line":76,"column":55}},"24":{"start":{"line":108,"column":15},"end":{"line":144,"column":2}}},"fnMap":{"0":{"name":"(anonymous_0)","decl":{"start":{"line":8,"column":21},"end":{"line":8,"column":22}},"loc":{"start":{"line":8,"column":41},"end":{"line":106,"column":1}},"line":8},"1":{"name":"(anonymous_1)","decl":{"start":{"line":17,"column":26},"end":{"line":17,"column":27}},"loc":{"start":{"line":17,"column":32},"end":{"line":19,"column":3}},"line":17},"2":{"name":"(anonymous_2)","decl":{"start":{"line":21,"column":28},"end":{"line":21,"column":29}},"loc":{"start":{"line":21,"column":40},"end":{"line":53,"column":3}},"line":21},"3":{"name":"(anonymous_3)","decl":{"start":{"line":59,"column":35},"end":{"line":59,"column":36}},"loc":{"start":{"line":59,"column":41},"end":{"line":59,"column":77}},"line":59},"4":{"name":"(anonymous_4)","decl":{"start":{"line":76,"column":28},"end":{"line":76,"column":29}},"loc":{"start":{"line":76,"column":38},"end":{"line":76,"column":55}},"line":76}},"branchMap":{"0":{"loc":{"start":{"line":33,"column":6},"end":{"line":47,"column":7}},"type":"if","locations":[{"start":{"line":33,"column":6},"end":{"line":47,"column":7}},{"start":{"line":45,"column":13},"end":{"line":47,"column":7}}],"line":33},"1":{"loc":{"start":{"line":65,"column":9},"end":{"line":86,"column":17}},"type":"cond-expr","locations":[{"start":{"line":66,"column":10},"end":{"line":69,"column":29}},{"start":{"line":71,"column":10},"end":{"line":86,"column":17}}],"line":65},"2":{"loc":{"start":{"line":68,"column":58},"end":{"line":68,"column":98}},"type":"binary-expr","locations":[{"start":{"line":68,"column":58},"end":{"line":68,"column":79}},{"start":{"line":68,"column":83},"end":{"line":68,"column":98}}],"line":68},"3":{"loc":{"start":{"line":89,"column":9},"end":{"line":96,"column":17}},"type":"binary-expr","locations":[{"start":{"line":89,"column":9},"end":{"line":89,"column":24}},{"start":{"line":90,"column":10},"end":{"line":96,"column":17}}],"line":89}},"s":{"0":2,"1":5,"2":5,"3":5,"4":5,"5":5,"6":5,"7":2,"8":5,"9":1,"10":1,"11":0,"12":0,"13":0,"14":0,"15":0,"16":0,"17":0,"18":0,"19":1,"20":1,"21":5,"22":0,"23":1,"24":2},"f":{"0":5,"1":2,"2":1,"3":0,"4":1},"b":{"0":[0,0],"1":[2,3],"2":[2,2],"3":[5,3]},"_coverageSchema":"1a1c01bbd47fc00a2c39e90264f33305004495a9","hash":"b1500aa783029d62296f20ca689b1166b8098487"}
,"/Users/vinhtran/Desktop/junior/fall/SWE/f23-adventurista/frontend/Screens/Feed/Post.js": {"path":"/Users/vinhtran/Desktop/junior/fall/SWE/f23-adventurista/frontend/Screens/Feed/Post.js","statementMap":{"0":{"start":{"line":14,"column":13},"end":{"line":128,"column":3}},"1":{"start":{"line":16,"column":17},"end":{"line":16,"column":44}},"2":{"start":{"line":17,"column":20},"end":{"line":17,"column":46}},"3":{"start":{"line":18,"column":21},"end":{"line":18,"column":34}},"4":{"start":{"line":20,"column":32},"end":{"line":20,"column":44}},"5":{"start":{"line":22,"column":96},"end":{"line":22,"column":101}},"6":{"start":{"line":25,"column":20},"end":{"line":25,"column":64}},"7":{"start":{"line":27,"column":42},"end":{"line":27,"column":53}},"8":{"start":{"line":29,"column":19},"end":{"line":35,"column":5}},"9":{"start":{"line":36,"column":17},"end":{"line":42,"column":5}},"10":{"start":{"line":43,"column":20},"end":{"line":49,"column":5}},"11":{"start":{"line":50,"column":22},"end":{"line":50,"column":51}},"12":{"start":{"line":52,"column":26},"end":{"line":56,"column":7}},"13":{"start":{"line":53,"column":8},"end":{"line":55,"column":9}},"14":{"start":{"line":54,"column":10},"end":{"line":54,"column":42}},"15":{"start":{"line":58,"column":29},"end":{"line":62,"column":7}},"16":{"start":{"line":59,"column":8},"end":{"line":61,"column":9}},"17":{"start":{"line":60,"column":10},"end":{"line":60,"column":42}},"18":{"start":{"line":64,"column":4},"end":{"line":75,"column":39}},"19":{"start":{"line":66,"column":8},"end":{"line":74,"column":11}},"20":{"start":{"line":69,"column":12},"end":{"line":69,"column":40}},"21":{"start":{"line":70,"column":12},"end":{"line":70,"column":37}},"22":{"start":{"line":73,"column":12},"end":{"line":73,"column":31}},"23":{"start":{"line":77,"column":4},"end":{"line":127,"column":5}},"24":{"start":{"line":82,"column":34},"end":{"line":82,"column":61}},"25":{"start":{"line":86,"column":16},"end":{"line":116,"column":23}},"26":{"start":{"line":130,"column":17},"end":{"line":134,"column":4}}},"fnMap":{"0":{"name":"(anonymous_0)","decl":{"start":{"line":14,"column":13},"end":{"line":14,"column":14}},"loc":{"start":{"line":14,"column":24},"end":{"line":128,"column":3}},"line":14},"1":{"name":"(anonymous_1)","decl":{"start":{"line":52,"column":26},"end":{"line":52,"column":27}},"loc":{"start":{"line":52,"column":32},"end":{"line":56,"column":7}},"line":52},"2":{"name":"(anonymous_2)","decl":{"start":{"line":58,"column":29},"end":{"line":58,"column":30}},"loc":{"start":{"line":58,"column":35},"end":{"line":62,"column":7}},"line":58},"3":{"name":"(anonymous_3)","decl":{"start":{"line":64,"column":14},"end":{"line":64,"column":15}},"loc":{"start":{"line":64,"column":20},"end":{"line":75,"column":5}},"line":64},"4":{"name":"(anonymous_4)","decl":{"start":{"line":67,"column":14},"end":{"line":67,"column":15}},"loc":{"start":{"line":67,"column":28},"end":{"line":71,"column":9}},"line":67},"5":{"name":"(anonymous_5)","decl":{"start":{"line":72,"column":15},"end":{"line":72,"column":16}},"loc":{"start":{"line":72,"column":26},"end":{"line":74,"column":9}},"line":72},"6":{"name":"(anonymous_6)","decl":{"start":{"line":82,"column":28},"end":{"line":82,"column":29}},"loc":{"start":{"line":82,"column":34},"end":{"line":82,"column":61}},"line":82},"7":{"name":"(anonymous_7)","decl":{"start":{"line":85,"column":31},"end":{"line":85,"column":32}},"loc":{"start":{"line":86,"column":16},"end":{"line":116,"column":23}},"line":86}},"branchMap":{"0":{"loc":{"start":{"line":53,"column":8},"end":{"line":55,"column":9}},"type":"if","locations":[{"start":{"line":53,"column":8},"end":{"line":55,"column":9}},{"start":{},"end":{}}],"line":53},"1":{"loc":{"start":{"line":59,"column":8},"end":{"line":61,"column":9}},"type":"if","locations":[{"start":{"line":59,"column":8},"end":{"line":61,"column":9}},{"start":{},"end":{}}],"line":59},"2":{"loc":{"start":{"line":75,"column":17},"end":{"line":75,"column":36}},"type":"binary-expr","locations":[{"start":{"line":75,"column":17},"end":{"line":75,"column":30}},{"start":{"line":75,"column":34},"end":{"line":75,"column":36}}],"line":75},"3":{"loc":{"start":{"line":87,"column":21},"end":{"line":115,"column":21}},"type":"cond-expr","locations":[{"start":{"line":88,"column":20},"end":{"line":100,"column":27}},{"start":{"line":102,"column":20},"end":{"line":114,"column":27}}],"line":87}},"s":{"0":1,"1":0,"2":0,"3":0,"4":0,"5":0,"6":0,"7":0,"8":0,"9":0,"10":0,"11":0,"12":0,"13":0,"14":0,"15":0,"16":0,"17":0,"18":0,"19":0,"20":0,"21":0,"22":0,"23":0,"24":0,"25":0,"26":1},"f":{"0":0,"1":0,"2":0,"3":0,"4":0,"5":0,"6":0,"7":0},"b":{"0":[0,0],"1":[0,0],"2":[0,0],"3":[0,0]},"_coverageSchema":"1a1c01bbd47fc00a2c39e90264f33305004495a9","hash":"5c920d85abe748bed47ebdb1538158cfbaa339d4"}
,"/Users/vinhtran/Desktop/junior/fall/SWE/f23-adventurista/frontend/Screens/Feed/PostBottom.js": {"path":"/Users/vinhtran/Desktop/junior/fall/SWE/f23-adventurista/frontend/Screens/Feed/PostBottom.js","statementMap":{"0":{"start":{"line":11,"column":19},"end":{"line":92,"column":3}},"1":{"start":{"line":13,"column":39},"end":{"line":13,"column":44}},"2":{"start":{"line":15,"column":17},"end":{"line":15,"column":44}},"3":{"start":{"line":17,"column":27},"end":{"line":17,"column":86}},"4":{"start":{"line":18,"column":25},"end":{"line":18,"column":111}},"5":{"start":{"line":20,"column":30},"end":{"line":43,"column":5}},"6":{"start":{"line":21,"column":8},"end":{"line":42,"column":9}},"7":{"start":{"line":22,"column":29},"end":{"line":25,"column":12}},"8":{"start":{"line":26,"column":10},"end":{"line":38,"column":11}},"9":{"start":{"line":27,"column":32},"end":{"line":27,"column":45}},"10":{"start":{"line":28,"column":12},"end":{"line":28,"column":51}},"11":{"start":{"line":30,"column":12},"end":{"line":33,"column":16}},"12":{"start":{"line":35,"column":12},"end":{"line":35,"column":69}},"13":{"start":{"line":37,"column":12},"end":{"line":37,"column":68}},"14":{"start":{"line":40,"column":10},"end":{"line":40,"column":27}},"15":{"start":{"line":41,"column":10},"end":{"line":41,"column":103}},"16":{"start":{"line":45,"column":28},"end":{"line":66,"column":5}},"17":{"start":{"line":46,"column":8},"end":{"line":65,"column":9}},"18":{"start":{"line":47,"column":27},"end":{"line":47,"column":57}},"19":{"start":{"line":48,"column":10},"end":{"line":61,"column":11}},"20":{"start":{"line":50,"column":32},"end":{"line":50,"column":45}},"21":{"start":{"line":51,"column":12},"end":{"line":51,"column":49}},"22":{"start":{"line":53,"column":12},"end":{"line":56,"column":16}},"23":{"start":{"line":58,"column":12},"end":{"line":58,"column":78}},"24":{"start":{"line":60,"column":12},"end":{"line":60,"column":77}},"25":{"start":{"line":63,"column":10},"end":{"line":63,"column":27}},"26":{"start":{"line":64,"column":10},"end":{"line":64,"column":112}},"27":{"start":{"line":68,"column":4},"end":{"line":91,"column":5}},"28":{"start":{"line":73,"column":24},"end":{"line":75,"column":25}},"29":{"start":{"line":94,"column":17},"end":{"line":109,"column":4}}},"fnMap":{"0":{"name":"(anonymous_0)","decl":{"start":{"line":11,"column":19},"end":{"line":11,"column":20}},"loc":{"start":{"line":11,"column":30},"end":{"line":92,"column":3}},"line":11},"1":{"name":"(anonymous_1)","decl":{"start":{"line":20,"column":30},"end":{"line":20,"column":31}},"loc":{"start":{"line":20,"column":42},"end":{"line":43,"column":5}},"line":20},"2":{"name":"(anonymous_2)","decl":{"start":{"line":45,"column":28},"end":{"line":45,"column":29}},"loc":{"start":{"line":45,"column":40},"end":{"line":66,"column":5}},"line":45},"3":{"name":"(anonymous_3)","decl":{"start":{"line":72,"column":30},"end":{"line":72,"column":31}},"loc":{"start":{"line":72,"column":46},"end":{"line":76,"column":21}},"line":72}},"branchMap":{"0":{"loc":{"start":{"line":26,"column":10},"end":{"line":38,"column":11}},"type":"if","locations":[{"start":{"line":26,"column":10},"end":{"line":38,"column":11}},{"start":{"line":36,"column":17},"end":{"line":38,"column":11}}],"line":26},"1":{"loc":{"start":{"line":48,"column":10},"end":{"line":61,"column":11}},"type":"if","locations":[{"start":{"line":48,"column":10},"end":{"line":61,"column":11}},{"start":{"line":59,"column":17},"end":{"line":61,"column":11}}],"line":48}},"s":{"0":2,"1":5,"2":5,"3":5,"4":5,"5":5,"6":2,"7":2,"8":1,"9":1,"10":1,"11":1,"12":0,"13":0,"14":2,"15":2,"16":5,"17":2,"18":2,"19":1,"20":1,"21":1,"22":1,"23":0,"24":0,"25":2,"26":2,"27":5,"28":15,"29":2},"f":{"0":5,"1":2,"2":2,"3":15},"b":{"0":[1,0],"1":[1,0]},"_coverageSchema":"1a1c01bbd47fc00a2c39e90264f33305004495a9","hash":"1cd82674b89cab06aa4b0b0a2e65221a55ac381c"}
,"/Users/vinhtran/Desktop/junior/fall/SWE/f23-adventurista/frontend/Screens/Feed/PostTop.js": {"path":"/Users/vinhtran/Desktop/junior/fall/SWE/f23-adventurista/frontend/Screens/Feed/PostTop.js","statementMap":{"0":{"start":{"line":5,"column":16},"end":{"line":49,"column":3}},"1":{"start":{"line":7,"column":86},"end":{"line":7,"column":91}},"2":{"start":{"line":11,"column":30},"end":{"line":13,"column":5}},"3":{"start":{"line":12,"column":8},"end":{"line":12,"column":73}},"4":{"start":{"line":15,"column":21},"end":{"line":15,"column":107}},"5":{"start":{"line":17,"column":4},"end":{"line":48,"column":5}},"6":{"start":{"line":51,"column":17},"end":{"line":76,"column":4}}},"fnMap":{"0":{"name":"(anonymous_0)","decl":{"start":{"line":5,"column":16},"end":{"line":5,"column":17}},"loc":{"start":{"line":5,"column":27},"end":{"line":49,"column":3}},"line":5},"1":{"name":"(anonymous_1)","decl":{"start":{"line":11,"column":30},"end":{"line":11,"column":31}},"loc":{"start":{"line":11,"column":36},"end":{"line":13,"column":5}},"line":11}},"branchMap":{},"s":{"0":2,"1":1,"2":1,"3":1,"4":1,"5":1,"6":2},"f":{"0":1,"1":1},"b":{},"_coverageSchema":"1a1c01bbd47fc00a2c39e90264f33305004495a9","hash":"ba40cd5c8f5cce69c33e4d1528174e33e3d1b61c"}
,"/Users/vinhtran/Desktop/junior/fall/SWE/f23-adventurista/frontend/Screens/Feed/UserBottom.js": {"path":"/Users/vinhtran/Desktop/junior/fall/SWE/f23-adventurista/frontend/Screens/Feed/UserBottom.js","statementMap":{"0":{"start":{"line":6,"column":19},"end":{"line":36,"column":3}},"1":{"start":{"line":8,"column":32},"end":{"line":8,"column":37}},"2":{"start":{"line":10,"column":28},"end":{"line":12,"column":5}},"3":{"start":{"line":14,"column":4},"end":{"line":35,"column":5}},"4":{"start":{"line":38,"column":17},"end":{"line":49,"column":4}}},"fnMap":{"0":{"name":"(anonymous_0)","decl":{"start":{"line":6,"column":19},"end":{"line":6,"column":20}},"loc":{"start":{"line":6,"column":30},"end":{"line":36,"column":3}},"line":6},"1":{"name":"(anonymous_1)","decl":{"start":{"line":10,"column":28},"end":{"line":10,"column":29}},"loc":{"start":{"line":10,"column":40},"end":{"line":12,"column":5}},"line":10}},"branchMap":{},"s":{"0":2,"1":1,"2":1,"3":1,"4":2},"f":{"0":1,"1":0},"b":{},"_coverageSchema":"1a1c01bbd47fc00a2c39e90264f33305004495a9","hash":"ef6cda1c22e41d4aafc43b80513898da42ea3097"}
,"/Users/vinhtran/Desktop/junior/fall/SWE/f23-adventurista/frontend/Screens/Feed/UserTop.js": {"path":"/Users/vinhtran/Desktop/junior/fall/SWE/f23-adventurista/frontend/Screens/Feed/UserTop.js","statementMap":{"0":{"start":{"line":6,"column":16},"end":{"line":39,"column":3}},"1":{"start":{"line":8,"column":65},"end":{"line":8,"column":70}},"2":{"start":{"line":12,"column":30},"end":{"line":14,"column":5}},"3":{"start":{"line":13,"column":8},"end":{"line":13,"column":73}},"4":{"start":{"line":16,"column":4},"end":{"line":38,"column":5}},"5":{"start":{"line":31,"column":24},"end":{"line":33,"column":25}},"6":{"start":{"line":41,"column":17},"end":{"line":60,"column":4}}},"fnMap":{"0":{"name":"(anonymous_0)","decl":{"start":{"line":6,"column":16},"end":{"line":6,"column":17}},"loc":{"start":{"line":6,"column":27},"end":{"line":39,"column":3}},"line":6},"1":{"name":"(anonymous_1)","decl":{"start":{"line":12,"column":30},"end":{"line":12,"column":31}},"loc":{"start":{"line":12,"column":36},"end":{"line":14,"column":5}},"line":12},"2":{"name":"(anonymous_2)","decl":{"start":{"line":30,"column":35},"end":{"line":30,"column":36}},"loc":{"start":{"line":30,"column":56},"end":{"line":34,"column":21}},"line":30}},"branchMap":{},"s":{"0":2,"1":1,"2":1,"3":1,"4":1,"5":3,"6":2},"f":{"0":1,"1":1,"2":3},"b":{},"_coverageSchema":"1a1c01bbd47fc00a2c39e90264f33305004495a9","hash":"18634d21058d25c08d65797d96eb54279944dde6"}
,"/Users/vinhtran/Desktop/junior/fall/SWE/f23-adventurista/frontend/Screens/Feed/Notifications/FollowRequest.js": {"path":"/Users/vinhtran/Desktop/junior/fall/SWE/f23-adventurista/frontend/Screens/Feed/Notifications/FollowRequest.js","statementMap":{"0":{"start":{"line":9,"column":22},"end":{"line":107,"column":1}},"1":{"start":{"line":11,"column":22},"end":{"line":11,"column":80}},"2":{"start":{"line":12,"column":30},"end":{"line":12,"column":95}},"3":{"start":{"line":13,"column":28},"end":{"line":13,"column":91}},"4":{"start":{"line":14,"column":36},"end":{"line":14,"column":48}},"5":{"start":{"line":15,"column":21},"end":{"line":15,"column":194}},"6":{"start":{"line":16,"column":15},"end":{"line":16,"column":42}},"7":{"start":{"line":17,"column":19},"end":{"line":17,"column":32}},"8":{"start":{"line":19,"column":2},"end":{"line":30,"column":23}},"9":{"start":{"line":21,"column":4},"end":{"line":28,"column":7}},"10":{"start":{"line":23,"column":8},"end":{"line":23,"column":36}},"11":{"start":{"line":27,"column":8},"end":{"line":27,"column":27}},"12":{"start":{"line":35,"column":29},"end":{"line":61,"column":3}},"13":{"start":{"line":36,"column":4},"end":{"line":60,"column":5}},"14":{"start":{"line":37,"column":23},"end":{"line":40,"column":8}},"15":{"start":{"line":42,"column":6},"end":{"line":55,"column":7}},"16":{"start":{"line":43,"column":28},"end":{"line":43,"column":41}},"17":{"start":{"line":46,"column":8},"end":{"line":49,"column":12}},"18":{"start":{"line":51,"column":8},"end":{"line":51,"column":47}},"19":{"start":{"line":54,"column":8},"end":{"line":54,"column":58}},"20":{"start":{"line":58,"column":6},"end":{"line":58,"column":23}},"21":{"start":{"line":59,"column":6},"end":{"line":59,"column":78}},"22":{"start":{"line":63,"column":27},"end":{"line":89,"column":3}},"23":{"start":{"line":64,"column":4},"end":{"line":88,"column":5}},"24":{"start":{"line":65,"column":23},"end":{"line":68,"column":8}},"25":{"start":{"line":70,"column":6},"end":{"line":83,"column":7}},"26":{"start":{"line":71,"column":28},"end":{"line":71,"column":41}},"27":{"start":{"line":74,"column":8},"end":{"line":77,"column":12}},"28":{"start":{"line":80,"column":8},"end":{"line":80,"column":57}},"29":{"start":{"line":82,"column":8},"end":{"line":82,"column":56}},"30":{"start":{"line":86,"column":6},"end":{"line":86,"column":23}},"31":{"start":{"line":87,"column":6},"end":{"line":87,"column":76}},"32":{"start":{"line":91,"column":2},"end":{"line":106,"column":4}},"33":{"start":{"line":109,"column":15},"end":{"line":147,"column":2}}},"fnMap":{"0":{"name":"(anonymous_0)","decl":{"start":{"line":9,"column":22},"end":{"line":9,"column":23}},"loc":{"start":{"line":9,"column":43},"end":{"line":107,"column":1}},"line":9},"1":{"name":"(anonymous_1)","decl":{"start":{"line":19,"column":12},"end":{"line":19,"column":13}},"loc":{"start":{"line":19,"column":18},"end":{"line":30,"column":3}},"line":19},"2":{"name":"(anonymous_2)","decl":{"start":{"line":22,"column":10},"end":{"line":22,"column":11}},"loc":{"start":{"line":22,"column":24},"end":{"line":25,"column":5}},"line":22},"3":{"name":"(anonymous_3)","decl":{"start":{"line":26,"column":11},"end":{"line":26,"column":12}},"loc":{"start":{"line":26,"column":22},"end":{"line":28,"column":5}},"line":26},"4":{"name":"(anonymous_4)","decl":{"start":{"line":35,"column":29},"end":{"line":35,"column":30}},"loc":{"start":{"line":35,"column":41},"end":{"line":61,"column":3}},"line":35},"5":{"name":"(anonymous_5)","decl":{"start":{"line":63,"column":27},"end":{"line":63,"column":28}},"loc":{"start":{"line":63,"column":39},"end":{"line":89,"column":3}},"line":63}},"branchMap":{"0":{"loc":{"start":{"line":42,"column":6},"end":{"line":55,"column":7}},"type":"if","locations":[{"start":{"line":42,"column":6},"end":{"line":55,"column":7}},{"start":{"line":53,"column":13},"end":{"line":55,"column":7}}],"line":42},"1":{"loc":{"start":{"line":70,"column":6},"end":{"line":83,"column":7}},"type":"if","locations":[{"start":{"line":70,"column":6},"end":{"line":83,"column":7}},{"start":{"line":81,"column":13},"end":{"line":83,"column":7}}],"line":70}},"s":{"0":2,"1":10,"2":10,"3":10,"4":10,"5":10,"6":10,"7":10,"8":10,"9":7,"10":3,"11":2,"12":10,"13":1,"14":1,"15":0,"16":0,"17":0,"18":0,"19":0,"20":1,"21":1,"22":10,"23":1,"24":1,"25":0,"26":0,"27":0,"28":0,"29":0,"30":1,"31":1,"32":10,"33":2},"f":{"0":10,"1":7,"2":3,"3":2,"4":1,"5":1},"b":{"0":[0,0],"1":[0,0]},"_coverageSchema":"1a1c01bbd47fc00a2c39e90264f33305004495a9","hash":"03e958ad9c4aee12091338f8b0166223e9045514"}
,"/Users/vinhtran/Desktop/junior/fall/SWE/f23-adventurista/frontend/Screens/Feed/Notifications/Notifications.js": {"path":"/Users/vinhtran/Desktop/junior/fall/SWE/f23-adventurista/frontend/Screens/Feed/Notifications/Notifications.js","statementMap":{"0":{"start":{"line":10,"column":22},"end":{"line":30,"column":1}},"1":{"start":{"line":12,"column":15},"end":{"line":12,"column":42}},"2":{"start":{"line":15,"column":2},"end":{"line":29,"column":4}},"3":{"start":{"line":18,"column":62},"end":{"line":18,"column":81}},"4":{"start":{"line":25,"column":10},"end":{"line":25,"column":61}},"5":{"start":{"line":32,"column":15},"end":{"line":48,"column":2}}},"fnMap":{"0":{"name":"(anonymous_0)","decl":{"start":{"line":10,"column":22},"end":{"line":10,"column":23}},"loc":{"start":{"line":10,"column":42},"end":{"line":30,"column":1}},"line":10},"1":{"name":"(anonymous_1)","decl":{"start":{"line":18,"column":56},"end":{"line":18,"column":57}},"loc":{"start":{"line":18,"column":62},"end":{"line":18,"column":81}},"line":18},"2":{"name":"(anonymous_2)","decl":{"start":{"line":24,"column":36},"end":{"line":24,"column":37}},"loc":{"start":{"line":25,"column":10},"end":{"line":25,"column":61}},"line":25}},"branchMap":{},"s":{"0":1,"1":2,"2":2,"3":1,"4":4,"5":1},"f":{"0":2,"1":1,"2":4},"b":{},"_coverageSchema":"1a1c01bbd47fc00a2c39e90264f33305004495a9","hash":"12a3fb3769c6a284cd278429c86432608c75839f"}
,"/Users/vinhtran/Desktop/junior/fall/SWE/f23-adventurista/frontend/Screens/Post/Post.js": {"path":"/Users/vinhtran/Desktop/junior/fall/SWE/f23-adventurista/frontend/Screens/Post/Post.js","statementMap":{"0":{"start":{"line":14,"column":13},"end":{"line":365,"column":1}},"1":{"start":{"line":16,"column":18},"end":{"line":16,"column":75}},"2":{"start":{"line":18,"column":19},"end":{"line":18,"column":32}},"3":{"start":{"line":19,"column":15},"end":{"line":19,"column":42}},"4":{"start":{"line":21,"column":44},"end":{"line":21,"column":58}},"5":{"start":{"line":22,"column":36},"end":{"line":22,"column":48}},"6":{"start":{"line":23,"column":34},"end":{"line":23,"column":46}},"7":{"start":{"line":24,"column":32},"end":{"line":24,"column":44}},"8":{"start":{"line":25,"column":28},"end":{"line":25,"column":40}},"9":{"start":{"line":26,"column":26},"end":{"line":26,"column":38}},"10":{"start":{"line":27,"column":24},"end":{"line":27,"column":36}},"11":{"start":{"line":28,"column":26},"end":{"line":28,"column":38}},"12":{"start":{"line":29,"column":38},"end":{"line":29,"column":50}},"13":{"start":{"line":30,"column":48},"end":{"line":30,"column":59}},"14":{"start":{"line":34,"column":16},"end":{"line":39,"column":3}},"15":{"start":{"line":40,"column":16},"end":{"line":45,"column":3}},"16":{"start":{"line":46,"column":16},"end":{"line":51,"column":3}},"17":{"start":{"line":52,"column":17},"end":{"line":52,"column":102}},"18":{"start":{"line":53,"column":16},"end":{"line":53,"column":131}},"19":{"start":{"line":54,"column":15},"end":{"line":54,"column":66}},"20":{"start":{"line":55,"column":16},"end":{"line":80,"column":3}},"21":{"start":{"line":82,"column":28},"end":{"line":109,"column":3}},"22":{"start":{"line":83,"column":29},"end":{"line":83,"column":84}},"23":{"start":{"line":85,"column":4},"end":{"line":88,"column":5}},"24":{"start":{"line":86,"column":6},"end":{"line":86,"column":67}},"25":{"start":{"line":87,"column":6},"end":{"line":87,"column":13}},"26":{"start":{"line":90,"column":25},"end":{"line":94,"column":6}},"27":{"start":{"line":96,"column":4},"end":{"line":99,"column":5}},"28":{"start":{"line":97,"column":6},"end":{"line":97,"column":48}},"29":{"start":{"line":98,"column":6},"end":{"line":98,"column":13}},"30":{"start":{"line":101,"column":23},"end":{"line":101,"column":35}},"31":{"start":{"line":103,"column":4},"end":{"line":108,"column":5}},"32":{"start":{"line":104,"column":20},"end":{"line":104,"column":29}},"33":{"start":{"line":105,"column":22},"end":{"line":105,"column":27}},"34":{"start":{"line":106,"column":6},"end":{"line":106,"column":28}},"35":{"start":{"line":107,"column":6},"end":{"line":107,"column":33}},"36":{"start":{"line":111,"column":22},"end":{"line":114,"column":3}},"37":{"start":{"line":112,"column":4},"end":{"line":112,"column":18}},"38":{"start":{"line":113,"column":4},"end":{"line":113,"column":21}},"39":{"start":{"line":115,"column":21},"end":{"line":118,"column":3}},"40":{"start":{"line":116,"column":4},"end":{"line":116,"column":17}},"41":{"start":{"line":117,"column":4},"end":{"line":117,"column":21}},"42":{"start":{"line":119,"column":20},"end":{"line":122,"column":3}},"43":{"start":{"line":120,"column":4},"end":{"line":120,"column":16}},"44":{"start":{"line":121,"column":4},"end":{"line":121,"column":21}},"45":{"start":{"line":123,"column":21},"end":{"line":126,"column":3}},"46":{"start":{"line":124,"column":4},"end":{"line":124,"column":17}},"47":{"start":{"line":125,"column":4},"end":{"line":125,"column":21}},"48":{"start":{"line":127,"column":27},"end":{"line":129,"column":3}},"49":{"start":{"line":128,"column":4},"end":{"line":128,"column":36}},"50":{"start":{"line":131,"column":25},"end":{"line":138,"column":3}},"51":{"start":{"line":132,"column":4},"end":{"line":136,"column":5}},"52":{"start":{"line":133,"column":6},"end":{"line":133,"column":89}},"53":{"start":{"line":133,"column":34},"end":{"line":133,"column":87}},"54":{"start":{"line":133,"column":67},"end":{"line":133,"column":86}},"55":{"start":{"line":134,"column":11},"end":{"line":136,"column":5}},"56":{"start":{"line":135,"column":6},"end":{"line":135,"column":54}},"57":{"start":{"line":135,"column":34},"end":{"line":135,"column":52}},"58":{"start":{"line":137,"column":4},"end":{"line":137,"column":28}},"59":{"start":{"line":140,"column":22},"end":{"line":151,"column":3}},"60":{"start":{"line":141,"column":4},"end":{"line":141,"column":27}},"61":{"start":{"line":142,"column":4},"end":{"line":142,"column":21}},"62":{"start":{"line":143,"column":4},"end":{"line":143,"column":20}},"63":{"start":{"line":144,"column":4},"end":{"line":144,"column":19}},"64":{"start":{"line":145,"column":4},"end":{"line":145,"column":17}},"65":{"start":{"line":146,"column":4},"end":{"line":146,"column":16}},"66":{"start":{"line":147,"column":4},"end":{"line":147,"column":15}},"67":{"start":{"line":148,"column":4},"end":{"line":148,"column":16}},"68":{"start":{"line":149,"column":4},"end":{"line":149,"column":22}},"69":{"start":{"line":150,"column":4},"end":{"line":150,"column":26}},"70":{"start":{"line":154,"column":21},"end":{"line":242,"column":3}},"71":{"start":{"line":156,"column":4},"end":{"line":241,"column":5}},"72":{"start":{"line":158,"column":23},"end":{"line":166,"column":8}},"73":{"start":{"line":167,"column":6},"end":{"line":237,"column":7}},"74":{"start":{"line":168,"column":28},"end":{"line":168,"column":46}},"75":{"start":{"line":169,"column":24},"end":{"line":169,"column":51}},"76":{"start":{"line":172,"column":8},"end":{"line":225,"column":9}},"77":{"start":{"line":173,"column":27},"end":{"line":173,"column":71}},"78":{"start":{"line":174,"column":10},"end":{"line":177,"column":11}},"79":{"start":{"line":175,"column":12},"end":{"line":175,"column":48}},"80":{"start":{"line":176,"column":12},"end":{"line":176,"column":19}},"81":{"start":{"line":183,"column":35},"end":{"line":187,"column":11}},"82":{"start":{"line":189,"column":28},"end":{"line":191,"column":63}},"83":{"start":{"line":190,"column":32},"end":{"line":190,"column":54}},"84":{"start":{"line":191,"column":35},"end":{"line":191,"column":62}},"85":{"start":{"line":193,"column":10},"end":{"line":193,"column":45}},"86":{"start":{"line":195,"column":10},"end":{"line":222,"column":15}},"87":{"start":{"line":197,"column":14},"end":{"line":197,"column":42}},"88":{"start":{"line":198,"column":14},"end":{"line":198,"column":64}},"89":{"start":{"line":199,"column":14},"end":{"line":217,"column":15}},"90":{"start":{"line":200,"column":34},"end":{"line":208,"column":17}},"91":{"start":{"line":209,"column":16},"end":{"line":213,"column":17}},"92":{"start":{"line":210,"column":18},"end":{"line":210,"column":73}},"93":{"start":{"line":212,"column":18},"end":{"line":212,"column":67}},"94":{"start":{"line":215,"column":16},"end":{"line":215,"column":33}},"95":{"start":{"line":216,"column":16},"end":{"line":216,"column":106}},"96":{"start":{"line":220,"column":14},"end":{"line":220,"column":60}},"97":{"start":{"line":221,"column":14},"end":{"line":221,"column":33}},"98":{"start":{"line":224,"column":10},"end":{"line":224,"column":68}},"99":{"start":{"line":228,"column":8},"end":{"line":228,"column":35}},"100":{"start":{"line":229,"column":8},"end":{"line":231,"column":12}},"101":{"start":{"line":232,"column":8},"end":{"line":232,"column":22}},"102":{"start":{"line":233,"column":8},"end":{"line":233,"column":41}},"103":{"start":{"line":234,"column":8},"end":{"line":234,"column":50}},"104":{"start":{"line":236,"column":8},"end":{"line":236,"column":47}},"105":{"start":{"line":239,"column":6},"end":{"line":239,"column":23}},"106":{"start":{"line":240,"column":6},"end":{"line":240,"column":76}},"107":{"start":{"line":244,"column":2},"end":{"line":364,"column":4}},"108":{"start":{"line":291,"column":36},"end":{"line":291,"column":54}},"109":{"start":{"line":302,"column":36},"end":{"line":302,"column":53}},"110":{"start":{"line":327,"column":36},"end":{"line":327,"column":52}},"111":{"start":{"line":346,"column":29},"end":{"line":346,"column":68}},"112":{"start":{"line":353,"column":29},"end":{"line":353,"column":50}},"113":{"start":{"line":367,"column":19},"end":{"line":376,"column":1}},"114":{"start":{"line":378,"column":15},"end":{"line":468,"column":2}}},"fnMap":{"0":{"name":"(anonymous_0)","decl":{"start":{"line":14,"column":13},"end":{"line":14,"column":14}},"loc":{"start":{"line":14,"column":33},"end":{"line":365,"column":1}},"line":14},"1":{"name":"(anonymous_1)","decl":{"start":{"line":82,"column":28},"end":{"line":82,"column":29}},"loc":{"start":{"line":82,"column":40},"end":{"line":109,"column":3}},"line":82},"2":{"name":"(anonymous_2)","decl":{"start":{"line":111,"column":22},"end":{"line":111,"column":23}},"loc":{"start":{"line":111,"column":31},"end":{"line":114,"column":3}},"line":111},"3":{"name":"(anonymous_3)","decl":{"start":{"line":115,"column":21},"end":{"line":115,"column":22}},"loc":{"start":{"line":115,"column":30},"end":{"line":118,"column":3}},"line":115},"4":{"name":"(anonymous_4)","decl":{"start":{"line":119,"column":20},"end":{"line":119,"column":21}},"loc":{"start":{"line":119,"column":29},"end":{"line":122,"column":3}},"line":119},"5":{"name":"(anonymous_5)","decl":{"start":{"line":123,"column":21},"end":{"line":123,"column":22}},"loc":{"start":{"line":123,"column":30},"end":{"line":126,"column":3}},"line":123},"6":{"name":"(anonymous_6)","decl":{"start":{"line":127,"column":27},"end":{"line":127,"column":28}},"loc":{"start":{"line":127,"column":36},"end":{"line":129,"column":3}},"line":127},"7":{"name":"(anonymous_7)","decl":{"start":{"line":131,"column":25},"end":{"line":131,"column":26}},"loc":{"start":{"line":131,"column":34},"end":{"line":138,"column":3}},"line":131},"8":{"name":"(anonymous_8)","decl":{"start":{"line":133,"column":20},"end":{"line":133,"column":21}},"loc":{"start":{"line":133,"column":34},"end":{"line":133,"column":87}},"line":133},"9":{"name":"(anonymous_9)","decl":{"start":{"line":133,"column":50},"end":{"line":133,"column":51}},"loc":{"start":{"line":133,"column":67},"end":{"line":133,"column":86}},"line":133},"10":{"name":"(anonymous_10)","decl":{"start":{"line":135,"column":20},"end":{"line":135,"column":21}},"loc":{"start":{"line":135,"column":34},"end":{"line":135,"column":52}},"line":135},"11":{"name":"(anonymous_11)","decl":{"start":{"line":140,"column":22},"end":{"line":140,"column":23}},"loc":{"start":{"line":140,"column":28},"end":{"line":151,"column":3}},"line":140},"12":{"name":"(anonymous_12)","decl":{"start":{"line":154,"column":21},"end":{"line":154,"column":22}},"loc":{"start":{"line":154,"column":33},"end":{"line":242,"column":3}},"line":154},"13":{"name":"(anonymous_13)","decl":{"start":{"line":190,"column":18},"end":{"line":190,"column":19}},"loc":{"start":{"line":190,"column":32},"end":{"line":190,"column":54}},"line":190},"14":{"name":"(anonymous_14)","decl":{"start":{"line":191,"column":18},"end":{"line":191,"column":19}},"loc":{"start":{"line":191,"column":35},"end":{"line":191,"column":62}},"line":191},"15":{"name":"(anonymous_15)","decl":{"start":{"line":196,"column":18},"end":{"line":196,"column":19}},"loc":{"start":{"line":196,"column":39},"end":{"line":218,"column":13}},"line":196},"16":{"name":"(anonymous_16)","decl":{"start":{"line":219,"column":19},"end":{"line":219,"column":20}},"loc":{"start":{"line":219,"column":30},"end":{"line":222,"column":13}},"line":219},"17":{"name":"(anonymous_17)","decl":{"start":{"line":291,"column":26},"end":{"line":291,"column":27}},"loc":{"start":{"line":291,"column":36},"end":{"line":291,"column":54}},"line":291},"18":{"name":"(anonymous_18)","decl":{"start":{"line":302,"column":26},"end":{"line":302,"column":27}},"loc":{"start":{"line":302,"column":36},"end":{"line":302,"column":53}},"line":302},"19":{"name":"(anonymous_19)","decl":{"start":{"line":327,"column":26},"end":{"line":327,"column":27}},"loc":{"start":{"line":327,"column":36},"end":{"line":327,"column":52}},"line":327},"20":{"name":"(anonymous_20)","decl":{"start":{"line":346,"column":23},"end":{"line":346,"column":24}},"loc":{"start":{"line":346,"column":29},"end":{"line":346,"column":68}},"line":346},"21":{"name":"(anonymous_21)","decl":{"start":{"line":353,"column":23},"end":{"line":353,"column":24}},"loc":{"start":{"line":353,"column":29},"end":{"line":353,"column":50}},"line":353}},"branchMap":{"0":{"loc":{"start":{"line":85,"column":4},"end":{"line":88,"column":5}},"type":"if","locations":[{"start":{"line":85,"column":4},"end":{"line":88,"column":5}},{"start":{},"end":{}}],"line":85},"1":{"loc":{"start":{"line":96,"column":4},"end":{"line":99,"column":5}},"type":"if","locations":[{"start":{"line":96,"column":4},"end":{"line":99,"column":5}},{"start":{},"end":{}}],"line":96},"2":{"loc":{"start":{"line":103,"column":4},"end":{"line":108,"column":5}},"type":"if","locations":[{"start":{"line":103,"column":4},"end":{"line":108,"column":5}},{"start":{},"end":{}}],"line":103},"3":{"loc":{"start":{"line":103,"column":8},"end":{"line":103,"column":35}},"type":"binary-expr","locations":[{"start":{"line":103,"column":8},"end":{"line":103,"column":14}},{"start":{"line":103,"column":18},"end":{"line":103,"column":35}}],"line":103},"4":{"loc":{"start":{"line":132,"column":4},"end":{"line":136,"column":5}},"type":"if","locations":[{"start":{"line":132,"column":4},"end":{"line":136,"column":5}},{"start":{"line":134,"column":11},"end":{"line":136,"column":5}}],"line":132},"5":{"loc":{"start":{"line":134,"column":11},"end":{"line":136,"column":5}},"type":"if","locations":[{"start":{"line":134,"column":11},"end":{"line":136,"column":5}},{"start":{},"end":{}}],"line":134},"6":{"loc":{"start":{"line":167,"column":6},"end":{"line":237,"column":7}},"type":"if","locations":[{"start":{"line":167,"column":6},"end":{"line":237,"column":7}},{"start":{"line":235,"column":13},"end":{"line":237,"column":7}}],"line":167},"7":{"loc":{"start":{"line":174,"column":10},"end":{"line":177,"column":11}},"type":"if","locations":[{"start":{"line":174,"column":10},"end":{"line":177,"column":11}},{"start":{},"end":{}}],"line":174},"8":{"loc":{"start":{"line":174,"column":14},"end":{"line":174,"column":43}},"type":"binary-expr","locations":[{"start":{"line":174,"column":14},"end":{"line":174,"column":23}},{"start":{"line":174,"column":27},"end":{"line":174,"column":43}}],"line":174},"9":{"loc":{"start":{"line":209,"column":16},"end":{"line":213,"column":17}},"type":"if","locations":[{"start":{"line":209,"column":16},"end":{"line":213,"column":17}},{"start":{"line":211,"column":23},"end":{"line":213,"column":17}}],"line":209},"10":{"loc":{"start":{"line":276,"column":15},"end":{"line":279,"column":88}},"type":"cond-expr","locations":[{"start":{"line":277,"column":16},"end":{"line":277,"column":92}},{"start":{"line":279,"column":16},"end":{"line":279,"column":88}}],"line":276},"11":{"loc":{"start":{"line":337,"column":13},"end":{"line":337,"column":107}},"type":"binary-expr","locations":[{"start":{"line":337,"column":13},"end":{"line":337,"column":33}},{"start":{"line":337,"column":37},"end":{"line":337,"column":107}}],"line":337},"12":{"loc":{"start":{"line":338,"column":13},"end":{"line":338,"column":107}},"type":"binary-expr","locations":[{"start":{"line":338,"column":13},"end":{"line":338,"column":33}},{"start":{"line":338,"column":37},"end":{"line":338,"column":107}}],"line":338},"13":{"loc":{"start":{"line":343,"column":9},"end":{"line":357,"column":17}},"type":"cond-expr","locations":[{"start":{"line":344,"column":10},"end":{"line":350,"column":17}},{"start":{"line":351,"column":10},"end":{"line":357,"column":17}}],"line":343}},"s":{"0":0,"1":0,"2":0,"3":0,"4":0,"5":0,"6":0,"7":0,"8":0,"9":0,"10":0,"11":0,"12":0,"13":0,"14":0,"15":0,"16":0,"17":0,"18":0,"19":0,"20":0,"21":0,"22":0,"23":0,"24":0,"25":0,"26":0,"27":0,"28":0,"29":0,"30":0,"31":0,"32":0,"33":0,"34":0,"35":0,"36":0,"37":0,"38":0,"39":0,"40":0,"41":0,"42":0,"43":0,"44":0,"45":0,"46":0,"47":0,"48":0,"49":0,"50":0,"51":0,"52":0,"53":0,"54":0,"55":0,"56":0,"57":0,"58":0,"59":0,"60":0,"61":0,"62":0,"63":0,"64":0,"65":0,"66":0,"67":0,"68":0,"69":0,"70":0,"71":0,"72":0,"73":0,"74":0,"75":0,"76":0,"77":0,"78":0,"79":0,"80":0,"81":0,"82":0,"83":0,"84":0,"85":0,"86":0,"87":0,"88":0,"89":0,"90":0,"91":0,"92":0,"93":0,"94":0,"95":0,"96":0,"97":0,"98":0,"99":0,"100":0,"101":0,"102":0,"103":0,"104":0,"105":0,"106":0,"107":0,"108":0,"109":0,"110":0,"111":0,"112":0,"113":0,"114":0},"f":{"0":0,"1":0,"2":0,"3":0,"4":0,"5":0,"6":0,"7":0,"8":0,"9":0,"10":0,"11":0,"12":0,"13":0,"14":0,"15":0,"16":0,"17":0,"18":0,"19":0,"20":0,"21":0},"b":{"0":[0,0],"1":[0,0],"2":[0,0],"3":[0,0],"4":[0,0],"5":[0,0],"6":[0,0],"7":[0,0],"8":[0,0],"9":[0,0],"10":[0,0],"11":[0,0],"12":[0,0],"13":[0,0]}}
,"/Users/vinhtran/Desktop/junior/fall/SWE/f23-adventurista/frontend/Screens/Post/SelectDate.js": {"path":"/Users/vinhtran/Desktop/junior/fall/SWE/f23-adventurista/frontend/Screens/Post/SelectDate.js","statementMap":{"0":{"start":{"line":5,"column":19},"end":{"line":30,"column":1}},"1":{"start":{"line":7,"column":26},"end":{"line":9,"column":7}},"2":{"start":{"line":8,"column":8},"end":{"line":8,"column":27}},"3":{"start":{"line":11,"column":4},"end":{"line":29,"column":6}},"4":{"start":{"line":18,"column":20},"end":{"line":18,"column":40}},"5":{"start":{"line":23,"column":20},"end":{"line":23,"column":123}},"6":{"start":{"line":32,"column":15},"end":{"line":54,"column":4}}},"fnMap":{"0":{"name":"(anonymous_0)","decl":{"start":{"line":5,"column":19},"end":{"line":5,"column":20}},"loc":{"start":{"line":5,"column":46},"end":{"line":30,"column":1}},"line":5},"1":{"name":"(anonymous_1)","decl":{"start":{"line":7,"column":26},"end":{"line":7,"column":27}},"loc":{"start":{"line":7,"column":44},"end":{"line":9,"column":7}},"line":7},"2":{"name":"(anonymous_2)","decl":{"start":{"line":17,"column":42},"end":{"line":17,"column":43}},"loc":{"start":{"line":17,"column":60},"end":{"line":19,"column":17}},"line":17},"3":{"name":"(anonymous_3)","decl":{"start":{"line":22,"column":36},"end":{"line":22,"column":37}},"loc":{"start":{"line":22,"column":48},"end":{"line":24,"column":17}},"line":22}},"branchMap":{"0":{"loc":{"start":{"line":23,"column":50},"end":{"line":23,"column":90}},"type":"cond-expr","locations":[{"start":{"line":23,"column":61},"end":{"line":23,"column":73}},{"start":{"line":23,"column":76},"end":{"line":23,"column":90}}],"line":23}},"s":{"0":1,"1":2,"2":0,"3":2,"4":0,"5":2,"6":1},"f":{"0":2,"1":0,"2":0,"3":2},"b":{"0":[0,2]},"_coverageSchema":"1a1c01bbd47fc00a2c39e90264f33305004495a9","hash":"f128856a05ae7efc7c7ad60887c6be31756765b7"}
,"/Users/vinhtran/Desktop/junior/fall/SWE/f23-adventurista/frontend/Screens/Post/Tags.js": {"path":"/Users/vinhtran/Desktop/junior/fall/SWE/f23-adventurista/frontend/Screens/Post/Tags.js","statementMap":{"0":{"start":{"line":5,"column":13},"end":{"line":23,"column":1}},"1":{"start":{"line":6,"column":4},"end":{"line":22,"column":5}},"2":{"start":{"line":9,"column":35},"end":{"line":9,"column":46}},"3":{"start":{"line":10,"column":16},"end":{"line":19,"column":18}},"4":{"start":{"line":13,"column":35},"end":{"line":13,"column":45}},"5":{"start":{"line":25,"column":15},"end":{"line":41,"column":2}}},"fnMap":{"0":{"name":"(anonymous_0)","decl":{"start":{"line":5,"column":13},"end":{"line":5,"column":14}},"loc":{"start":{"line":5,"column":42},"end":{"line":23,"column":1}},"line":5},"1":{"name":"(anonymous_1)","decl":{"start":{"line":8,"column":22},"end":{"line":8,"column":23}},"loc":{"start":{"line":8,"column":38},"end":{"line":20,"column":13}},"line":8},"2":{"name":"(anonymous_2)","decl":{"start":{"line":13,"column":29},"end":{"line":13,"column":30}},"loc":{"start":{"line":13,"column":35},"end":{"line":13,"column":45}},"line":13}},"branchMap":{},"s":{"0":1,"1":2,"2":6,"3":6,"4":1,"5":1},"f":{"0":2,"1":6,"2":1},"b":{},"_coverageSchema":"1a1c01bbd47fc00a2c39e90264f33305004495a9","hash":"05337eefcb257db32373460737c0724fa0a7daf4"}
,"/Users/vinhtran/Desktop/junior/fall/SWE/f23-adventurista/frontend/Screens/Profile/Bubble.js": {"path":"/Users/vinhtran/Desktop/junior/fall/SWE/f23-adventurista/frontend/Screens/Profile/Bubble.js","statementMap":{"0":{"start":{"line":4,"column":15},"end":{"line":22,"column":1}},"1":{"start":{"line":5,"column":48},"end":{"line":5,"column":81}},"2":{"start":{"line":7,"column":4},"end":{"line":10,"column":13}},"3":{"start":{"line":8,"column":34},"end":{"line":8,"column":58}},"4":{"start":{"line":9,"column":8},"end":{"line":9,"column":45}},"5":{"start":{"line":12,"column":4},"end":{"line":21,"column":6}},"6":{"start":{"line":24,"column":15},"end":{"line":41,"column":2}}},"fnMap":{"0":{"name":"(anonymous_0)","decl":{"start":{"line":4,"column":15},"end":{"line":4,"column":16}},"loc":{"start":{"line":4,"column":26},"end":{"line":22,"column":1}},"line":4},"1":{"name":"(anonymous_1)","decl":{"start":{"line":7,"column":14},"end":{"line":7,"column":15}},"loc":{"start":{"line":7,"column":20},"end":{"line":10,"column":7}},"line":7}},"branchMap":{},"s":{"0":2,"1":47,"2":47,"3":19,"4":19,"5":47,"6":2},"f":{"0":47,"1":19},"b":{},"_coverageSchema":"1a1c01bbd47fc00a2c39e90264f33305004495a9","hash":"e8d008eb5ce4eb5d03d8f7f2229382e4dfb01532"}
,"/Users/vinhtran/Desktop/junior/fall/SWE/f23-adventurista/frontend/Screens/Profile/EditProfile.js": {"path":"/Users/vinhtran/Desktop/junior/fall/SWE/f23-adventurista/frontend/Screens/Profile/EditProfile.js","statementMap":{"0":{"start":{"line":12,"column":20},"end":{"line":367,"column":1}},"1":{"start":{"line":14,"column":18},"end":{"line":14,"column":73}},"2":{"start":{"line":16,"column":19},"end":{"line":16,"column":32}},"3":{"start":{"line":17,"column":15},"end":{"line":17,"column":42}},"4":{"start":{"line":21,"column":36},"end":{"line":21,"column":60}},"5":{"start":{"line":22,"column":34},"end":{"line":22,"column":57}},"6":{"start":{"line":23,"column":36},"end":{"line":23,"column":60}},"7":{"start":{"line":24,"column":42},"end":{"line":24,"column":54}},"8":{"start":{"line":25,"column":42},"end":{"line":25,"column":56}},"9":{"start":{"line":26,"column":40},"end":{"line":26,"column":54}},"10":{"start":{"line":27,"column":34},"end":{"line":27,"column":64}},"11":{"start":{"line":28,"column":24},"end":{"line":28,"column":36}},"12":{"start":{"line":29,"column":23},"end":{"line":29,"column":41}},"13":{"start":{"line":33,"column":30},"end":{"line":59,"column":3}},"14":{"start":{"line":34,"column":29},"end":{"line":34,"column":84}},"15":{"start":{"line":36,"column":4},"end":{"line":39,"column":5}},"16":{"start":{"line":37,"column":6},"end":{"line":37,"column":67}},"17":{"start":{"line":38,"column":6},"end":{"line":38,"column":13}},"18":{"start":{"line":41,"column":25},"end":{"line":45,"column":6}},"19":{"start":{"line":47,"column":4},"end":{"line":50,"column":5}},"20":{"start":{"line":48,"column":6},"end":{"line":48,"column":48}},"21":{"start":{"line":49,"column":6},"end":{"line":49,"column":13}},"22":{"start":{"line":52,"column":23},"end":{"line":52,"column":35}},"23":{"start":{"line":54,"column":4},"end":{"line":58,"column":5}},"24":{"start":{"line":55,"column":20},"end":{"line":55,"column":29}},"25":{"start":{"line":56,"column":22},"end":{"line":56,"column":27}},"26":{"start":{"line":57,"column":6},"end":{"line":57,"column":27}},"27":{"start":{"line":61,"column":29},"end":{"line":87,"column":3}},"28":{"start":{"line":62,"column":29},"end":{"line":62,"column":84}},"29":{"start":{"line":64,"column":4},"end":{"line":67,"column":5}},"30":{"start":{"line":65,"column":6},"end":{"line":65,"column":67}},"31":{"start":{"line":66,"column":6},"end":{"line":66,"column":13}},"32":{"start":{"line":69,"column":25},"end":{"line":73,"column":6}},"33":{"start":{"line":75,"column":4},"end":{"line":78,"column":5}},"34":{"start":{"line":76,"column":6},"end":{"line":76,"column":48}},"35":{"start":{"line":77,"column":6},"end":{"line":77,"column":13}},"36":{"start":{"line":80,"column":23},"end":{"line":80,"column":35}},"37":{"start":{"line":82,"column":4},"end":{"line":86,"column":5}},"38":{"start":{"line":83,"column":20},"end":{"line":83,"column":29}},"39":{"start":{"line":84,"column":22},"end":{"line":84,"column":27}},"40":{"start":{"line":85,"column":6},"end":{"line":85,"column":26}},"41":{"start":{"line":89,"column":22},"end":{"line":98,"column":3}},"42":{"start":{"line":90,"column":4},"end":{"line":90,"column":21}},"43":{"start":{"line":91,"column":4},"end":{"line":91,"column":20}},"44":{"start":{"line":92,"column":4},"end":{"line":92,"column":24}},"45":{"start":{"line":93,"column":4},"end":{"line":93,"column":23}},"46":{"start":{"line":94,"column":4},"end":{"line":94,"column":20}},"47":{"start":{"line":95,"column":4},"end":{"line":95,"column":15}},"48":{"start":{"line":96,"column":4},"end":{"line":96,"column":21}},"49":{"start":{"line":97,"column":4},"end":{"line":97,"column":15}},"50":{"start":{"line":100,"column":28},"end":{"line":105,"column":1}},"51":{"start":{"line":101,"column":18},"end":{"line":101,"column":27}},"52":{"start":{"line":102,"column":4},"end":{"line":102,"column":31}},"53":{"start":{"line":103,"column":4},"end":{"line":103,"column":26}},"54":{"start":{"line":104,"column":4},"end":{"line":104,"
[...]
ne":34,"column":28},"end":{"line":34,"column":55}},"type":"binary-expr","locations":[{"start":{"line":34,"column":28},"end":{"line":34,"column":49}},{"start":{"line":34,"column":53},"end":{"line":34,"column":55}}],"line":34},"3":{"loc":{"start":{"line":35,"column":28},"end":{"line":35,"column":53}},"type":"binary-expr","locations":[{"start":{"line":35,"column":28},"end":{"line":35,"column":47}},{"start":{"line":35,"column":51},"end":{"line":35,"column":53}}],"line":35},"4":{"loc":{"start":{"line":36,"column":57},"end":{"line":36,"column":80}},"type":"binary-expr","locations":[{"start":{"line":36,"column":57},"end":{"line":36,"column":74}},{"start":{"line":36,"column":78},"end":{"line":36,"column":80}}],"line":36},"5":{"loc":{"start":{"line":40,"column":51},"end":{"line":40,"column":112}},"type":"cond-expr","locations":[{"start":{"line":40,"column":62},"end":{"line":40,"column":71}},{"start":{"line":40,"column":74},"end":{"line":40,"column":112}}],"line":40},"6":{"loc":{"start":{"line":40,"column":74},"end":{"line":40,"column":112}},"type":"cond-expr","locations":[{"start":{"line":40,"column":86},"end":{"line":40,"column":97}},{"start":{"line":40,"column":100},"end":{"line":40,"column":112}}],"line":40},"7":{"loc":{"start":{"line":60,"column":6},"end":{"line":76,"column":7}},"type":"if","locations":[{"start":{"line":60,"column":6},"end":{"line":76,"column":7}},{"start":{"line":74,"column":13},"end":{"line":76,"column":7}}],"line":60},"8":{"loc":{"start":{"line":91,"column":6},"end":{"line":110,"column":7}},"type":"if","locations":[{"start":{"line":91,"column":6},"end":{"line":110,"column":7}},{"start":{"line":108,"column":13},"end":{"line":110,"column":7}}],"line":91},"9":{"loc":{"start":{"line":145,"column":24},"end":{"line":152,"column":31}},"type":"cond-expr","locations":[{"start":{"line":146,"column":24},"end":{"line":148,"column":43}},{"start":{"line":150,"column":24},"end":{"line":152,"column":31}}],"line":145},"10":{"loc":{"start":{"line":174,"column":31},"end":{"line":174,"column":63}},"type":"binary-expr","locations":[{"start":{"line":174,"column":31},"end":{"line":174,"column":58}},{"start":{"line":174,"column":62},"end":{"line":174,"column":63}}],"line":174},"11":{"loc":{"start":{"line":175,"column":31},"end":{"line":175,"column":59}},"type":"binary-expr","locations":[{"start":{"line":175,"column":31},"end":{"line":175,"column":54}},{"start":{"line":175,"column":58},"end":{"line":175,"column":59}}],"line":175},"12":{"loc":{"start":{"line":190,"column":18},"end":{"line":201,"column":39}},"type":"cond-expr","locations":[{"start":{"line":191,"column":20},"end":{"line":193,"column":27}},{"start":{"line":195,"column":20},"end":{"line":201,"column":39}}],"line":190},"13":{"loc":{"start":{"line":190,"column":18},"end":{"line":190,"column":39}},"type":"binary-expr","locations":[{"start":{"line":190,"column":18},"end":{"line":190,"column":26}},{"start":{"line":190,"column":30},"end":{"line":190,"column":39}}],"line":190},"14":{"loc":{"start":{"line":191,"column":52},"end":{"line":191,"column":84}},"type":"cond-expr","locations":[{"start":{"line":191,"column":63},"end":{"line":191,"column":72}},{"start":{"line":191,"column":75},"end":{"line":191,"column":84}}],"line":191},"15":{"loc":{"start":{"line":225,"column":7},"end":{"line":259,"column":17}},"type":"cond-expr","locations":[{"start":{"line":226,"column":10},"end":{"line":235,"column":17}},{"start":{"line":236,"column":10},"end":{"line":259,"column":17}}],"line":225},"16":{"loc":{"start":{"line":239,"column":23},"end":{"line":239,"column":156}},"type":"cond-expr","locations":[{"start":{"line":239,"column":43},"end":{"line":239,"column":92}},{"start":{"line":239,"column":95},"end":{"line":239,"column":156}}],"line":239}},"s":{"0":1,"1":15,"2":15,"3":15,"4":15,"5":15,"6":15,"7":15,"8":15,"9":15,"10":1,"11":15,"12":15,"13":15,"14":15,"15":15,"16":15,"17":0,"18":15,"19":0,"20":15,"21":15,"22":6,"23":15,"24":15,"25":15,"26":6,"27":6,"28":15,"29":2,"30":2,"31":2,"32":1,"33":1,"34":1,"35":1,"36":1,"37":0,"38":1,"39":1,"40":15,"41":0,"42":0,"43":0,"44":0,"45":0,"46":0,"47":0,"48":0,"49":0,"50":0,"51":0,"52":0,"53":0,"54":0,"55":15,"56":0,"57":0,"58":0,"59":1},"f":{"0":15,"1":1,"2":0,"3":0,"4":6,"5":6,"6":2,"7":0,"8":0,"9":0,"10":0},"b":{"0":[15,15],"1":[15,15],"2":[15,13],"3":[15,13],"4":[15,15],"5":[0,15],"6":[2,13],"7":[1,0],"8":[0,0],"9":[0,15],"10":[15,13],"11":[15,11],"12":[2,13],"13":[15,15],"14":[0,2],"15":[15,0],"16":[0,0]},"_coverageSchema":"1a1c01bbd47fc00a2c39e90264f33305004495a9","hash":"09b26d3cf4b4d0417ff2e02105dbb9de9469f042"}
,"/Users/vinhtran/Desktop/junior/fall/SWE/f23-adventurista/frontend/Screens/Profile/IndividualPost.js": {"path":"/Users/vinhtran/Desktop/junior/fall/SWE/f23-adventurista/frontend/Screens/Profile/IndividualPost.js","statementMap":{"0":{"start":{"line":10,"column":23},"end":{"line":49,"column":3}},"1":{"start":{"line":12,"column":20},"end":{"line":12,"column":81}},"2":{"start":{"line":13,"column":17},"end":{"line":13,"column":44}},"3":{"start":{"line":14,"column":16},"end":{"line":14,"column":102}},"4":{"start":{"line":16,"column":23},"end":{"line":16,"column":38}},"5":{"start":{"line":17,"column":30},"end":{"line":17,"column":42}},"6":{"start":{"line":19,"column":4},"end":{"line":28,"column":15}},"7":{"start":{"line":20,"column":8},"end":{"line":27,"column":11}},"8":{"start":{"line":22,"column":12},"end":{"line":22,"column":36}},"9":{"start":{"line":25,"column":12},"end":{"line":25,"column":31}},"10":{"start":{"line":26,"column":12},"end":{"line":26,"column":43}},"11":{"start":{"line":30,"column":4},"end":{"line":48,"column":5}},"12":{"start":{"line":31,"column":41},"end":{"line":31,"column":77}},"13":{"start":{"line":51,"column":17},"end":{"line":84,"column":4}}},"fnMap":{"0":{"name":"(anonymous_0)","decl":{"start":{"line":10,"column":23},"end":{"line":10,"column":24}},"loc":{"start":{"line":10,"column":40},"end":{"line":49,"column":3}},"line":10},"1":{"name":"(anonymous_1)","decl":{"start":{"line":19,"column":14},"end":{"line":19,"column":15}},"loc":{"start":{"line":19,"column":20},"end":{"line":28,"column":5}},"line":19},"2":{"name":"(anonymous_2)","decl":{"start":{"line":21,"column":14},"end":{"line":21,"column":15}},"loc":{"start":{"line":21,"column":28},"end":{"line":23,"column":9}},"line":21},"3":{"name":"(anonymous_3)","decl":{"start":{"line":24,"column":15},"end":{"line":24,"column":16}},"loc":{"start":{"line":24,"column":26},"end":{"line":27,"column":9}},"line":24},"4":{"name":"(anonymous_4)","decl":{"start":{"line":31,"column":35},"end":{"line":31,"column":36}},"loc":{"start":{"line":31,"column":41},"end":{"line":31,"column":77}},"line":31}},"branchMap":{},"s":{"0":1,"1":0,"2":0,"3":0,"4":0,"5":0,"6":0,"7":0,"8":0,"9":0,"10":0,"11":0,"12":0,"13":1},"f":{"0":0,"1":0,"2":0,"3":0,"4":0},"b":{},"_coverageSchema":"1a1c01bbd47fc00a2c39e90264f33305004495a9","hash":"ce7bf27d296f52ea929f1df5f493d40e749b9de0"}
,"/Users/vinhtran/Desktop/junior/fall/SWE/f23-adventurista/frontend/Screens/Profile/MyEvents.js": {"path":"/Users/vinhtran/Desktop/junior/fall/SWE/f23-adventurista/frontend/Screens/Profile/MyEvents.js","statementMap":{"0":{"start":{"line":7,"column":13},"end":{"line":58,"column":1}},"1":{"start":{"line":60,"column":17},"end":{"line":75,"column":3}},"2":{"start":{"line":61,"column":4},"end":{"line":74,"column":6}},"3":{"start":{"line":64,"column":10},"end":{"line":71,"column":12}},"4":{"start":{"line":77,"column":17},"end":{"line":86,"column":4}}},"fnMap":{"0":{"name":"(anonymous_0)","decl":{"start":{"line":60,"column":17},"end":{"line":60,"column":18}},"loc":{"start":{"line":60,"column":33},"end":{"line":75,"column":3}},"line":60},"1":{"name":"(anonymous_1)","decl":{"start":{"line":63,"column":20},"end":{"line":63,"column":21}},"loc":{"start":{"line":64,"column":10},"end":{"line":71,"column":12}},"line":64}},"branchMap":{},"s":{"0":1,"1":1,"2":0,"3":0,"4":1},"f":{"0":0,"1":0},"b":{},"_coverageSchema":"1a1c01bbd47fc00a2c39e90264f33305004495a9","hash":"f7ae51ef9deab557971099f1247b750ed6ae6804"}
,"/Users/vinhtran/Desktop/junior/fall/SWE/f23-adventurista/frontend/Screens/Profile/MyGroups.js": {"path":"/Users/vinhtran/Desktop/junior/fall/SWE/f23-adventurista/frontend/Screens/Profile/MyGroups.js","statementMap":{"0":{"start":{"line":8,"column":17},"end":{"line":34,"column":1}},"1":{"start":{"line":10,"column":18},"end":{"line":10,"column":79}},"2":{"start":{"line":12,"column":28},"end":{"line":12,"column":40}},"3":{"start":{"line":14,"column":14},"end":{"line":14,"column":100}},"4":{"start":{"line":16,"column":2},"end":{"line":26,"column":15}},"5":{"start":{"line":17,"column":4},"end":{"line":25,"column":7}},"6":{"start":{"line":19,"column":8},"end":{"line":19,"column":32}},"7":{"start":{"line":23,"column":8},"end":{"line":23,"column":27}},"8":{"start":{"line":24,"column":8},"end":{"line":24,"column":48}},"9":{"start":{"line":28,"column":2},"end":{"line":33,"column":4}},"10":{"start":{"line":36,"column":15},"end":{"line":56,"column":2}}},"fnMap":{"0":{"name":"(anonymous_0)","decl":{"start":{"line":8,"column":17},"end":{"line":8,"column":18}},"loc":{"start":{"line":8,"column":42},"end":{"line":34,"column":1}},"line":8},"1":{"name":"(anonymous_1)","decl":{"start":{"line":16,"column":12},"end":{"line":16,"column":13}},"loc":{"start":{"line":16,"column":18},"end":{"line":26,"column":3}},"line":16},"2":{"name":"(anonymous_2)","decl":{"start":{"line":18,"column":10},"end":{"line":18,"column":11}},"loc":{"start":{"line":18,"column":24},"end":{"line":21,"column":5}},"line":18},"3":{"name":"(anonymous_3)","decl":{"start":{"line":22,"column":11},"end":{"line":22,"column":12}},"loc":{"start":{"line":22,"column":22},"end":{"line":25,"column":5}},"line":22}},"branchMap":{},"s":{"0":2,"1":3,"2":3,"3":3,"4":3,"5":2,"6":1,"7":1,"8":1,"9":3,"10":2},"f":{"0":3,"1":2,"2":1,"3":1},"b":{},"_coverageSchema":"1a1c01bbd47fc00a2c39e90264f33305004495a9","hash":"dfb76a10763b21ddbf7a15f8f17ff255707bda50"}
,"/Users/vinhtran/Desktop/junior/fall/SWE/f23-adventurista/frontend/Screens/Profile/ProfileUser.js": {"path":"/Users/vinhtran/Desktop/junior/fall/SWE/f23-adventurista/frontend/Screens/Profile/ProfileUser.js","statementMap":{"0":{"start":{"line":14,"column":20},"end":{"line":112,"column":1}},"1":{"start":{"line":16,"column":19},"end":{"line":16,"column":32}},"2":{"start":{"line":17,"column":15},"end":{"line":17,"column":42}},"3":{"start":{"line":18,"column":14},"end":{"line":18,"column":30}},"4":{"start":{"line":19,"column":46},"end":{"line":19,"column":79}},"5":{"start":{"line":20,"column":30},"end":{"line":20,"column":109}},"6":{"start":{"line":20,"column":74},"end":{"line":20,"column":107}},"7":{"start":{"line":22,"column":21},"end":{"line":22,"column":194}},"8":{"start":{"line":23,"column":27},"end":{"line":23,"column":134}},"9":{"start":{"line":25,"column":28},"end":{"line":27,"column":3}},"10":{"start":{"line":26,"column":4},"end":{"line":26,"column":40}},"11":{"start":{"line":29,"column":23},"end":{"line":32,"column":3}},"12":{"start":{"line":30,"column":4},"end":{"line":30,"column":26}},"13":{"start":{"line":31,"column":4},"end":{"line":31,"column":39}},"14":{"start":{"line":34,"column":2},"end":{"line":37,"column":9}},"15":{"start":{"line":35,"column":30},"end":{"line":35,"column":54}},"16":{"start":{"line":36,"column":4},"end":{"line":36,"column":41}},"17":{"start":{"line":39,"column":2},"end":{"line":111,"column":4}},"18":{"start":{"line":88,"column":16},"end":{"line":90,"column":17}},"19":{"start":{"line":114,"column":15},"end":{"line":195,"column":2}}},"fnMap":{"0":{"name":"(anonymous_0)","decl":{"start":{"line":14,"column":20},"end":{"line":14,"column":21}},"loc":{"start":{"line":14,"column":40},"end":{"line":112,"column":1}},"line":14},"1":{"name":"(anonymous_1)","decl":{"start":{"line":20,"column":65},"end":{"line":20,"column":66}},"loc":{"start":{"line":20,"column":74},"end":{"line":20,"column":107}},"line":20},"2":{"name":"(anonymous_2)","decl":{"start":{"line":25,"column":28},"end":{"line":25,"column":29}},"loc":{"start":{"line":25,"column":34},"end":{"line":27,"column":3}},"line":25},"3":{"name":"(anonymous_3)","decl":{"start":{"line":29,"column":23},"end":{"line":29,"column":24}},"loc":{"start":{"line":29,"column":29},"end":{"line":32,"column":3}},"line":29},"4":{"name":"(anonymous_4)","decl":{"start":{"line":34,"column":12},"end":{"line":34,"column":13}},"loc":{"start":{"line":34,"column":18},"end":{"line":37,"column":3}},"line":34},"5":{"name":"(anonymous_5)","decl":{"start":{"line":87,"column":32},"end":{"line":87,"column":33}},"loc":{"start":{"line":87,"column":48},"end":{"line":91,"column":13}},"line":87}},"branchMap":{},"s":{"0":0,"1":0,"2":0,"3":0,"4":0,"5":0,"6":0,"7":0,"8":0,"9":0,"10":0,"11":0,"12":0,"13":0,"14":0,"15":0,"16":0,"17":0,"18":0,"19":0},"f":{"0":0,"1":0,"2":0,"3":0,"4":0,"5":0},"b":{}}
,"/Users/vinhtran/Desktop/junior/fall/SWE/f23-adventurista/frontend/Screens/SavedEvents/SavedEvents.js": {"path":"/Users/vinhtran/Desktop/junior/fall/SWE/f23-adventurista/frontend/Screens/SavedEvents/SavedEvents.js","statementMap":{"0":{"start":{"line":10,"column":17},"end":{"line":45,"column":1}},"1":{"start":{"line":12,"column":15},"end":{"line":12,"column":42}},"2":{"start":{"line":14,"column":18},"end":{"line":14,"column":93}},"3":{"start":{"line":16,"column":30},"end":{"line":16,"column":42}},"4":{"start":{"line":18,"column":2},"end":{"line":27,"column":9}},"5":{"start":{"line":19,"column":4},"end":{"line":26,"column":9}},"6":{"start":{"line":21,"column":8},"end":{"line":21,"column":33}},"7":{"start":{"line":22,"column":8},"end":{"line":22,"column":35}},"8":{"start":{"line":25,"column":8},"end":{"line":25,"column":27}},"9":{"start":{"line":29,"column":2},"end":{"line":44,"column":4}},"10":{"start":{"line":47,"column":15},"end":{"line":71,"column":2}}},"fnMap":{"0":{"name":"(anonymous_0)","decl":{"start":{"line":10,"column":17},"end":{"line":10,"column":18}},"loc":{"start":{"line":10,"column":23},"end":{"line":45,"column":1}},"line":10},"1":{"name":"(anonymous_1)","decl":{"start":{"line":18,"column":12},"end":{"line":18,"column":13}},"loc":{"start":{"line":18,"column":18},"end":{"line":27,"column":3}},"line":18},"2":{"name":"(anonymous_2)","decl":{"start":{"line":20,"column":12},"end":{"line":20,"column":13}},"loc":{"start":{"line":20,"column":26},"end":{"line":23,"column":7}},"line":20},"3":{"name":"(anonymous_3)","decl":{"start":{"line":24,"column":13},"end":{"line":24,"column":14}},"loc":{"start":{"line":24,"column":24},"end":{"line":26,"column":7}},"line":24}},"branchMap":{},"s":{"0":0,"1":0,"2":0,"3":0,"4":0,"5":0,"6":0,"7":0,"8":0,"9":0,"10":0},"f":{"0":0,"1":0,"2":0,"3":0},"b":{}}
,"/Users/vinhtran/Desktop/junior/fall/SWE/f23-adventurista/frontend/Shared/AttendingUser.js": {"path":"/Users/vinhtran/Desktop/junior/fall/SWE/f23-adventurista/frontend/Shared/AttendingUser.js","statementMap":{"0":{"start":{"line":6,"column":22},"end":{"line":24,"column":1}},"1":{"start":{"line":8,"column":19},"end":{"line":8,"column":24}},"2":{"start":{"line":9,"column":22},"end":{"line":9,"column":195}},"3":{"start":{"line":13,"column":2},"end":{"line":23,"column":4}},"4":{"start":{"line":26,"column":15},"end":{"line":64,"column":2}}},"fnMap":{"0":{"name":"(anonymous_0)","decl":{"start":{"line":6,"column":22},"end":{"line":6,"column":23}},"loc":{"start":{"line":6,"column":33},"end":{"line":24,"column":1}},"line":6}},"branchMap":{},"s":{"0":3,"1":1,"2":1,"3":1,"4":3},"f":{"0":1},"b":{},"_coverageSchema":"1a1c01bbd47fc00a2c39e90264f33305004495a9","hash":"ac7bd4c3bbacafe48983835c3afdf91d00c58512"}
,"/Users/vinhtran/Desktop/junior/fall/SWE/f23-adventurista/frontend/Shared/BubbleText.js": {"path":"/Users/vinhtran/Desktop/junior/fall/SWE/f23-adventurista/frontend/Shared/BubbleText.js","statementMap":{"0":{"start":{"line":4,"column":19},"end":{"line":13,"column":1}},"1":{"start":{"line":5,"column":23},"end":{"line":5,"column":28}},"2":{"start":{"line":6,"column":20},"end":{"line":6,"column":25}},"3":{"start":{"line":8,"column":2},"end":{"line":12,"column":4}},"4":{"start":{"line":15,"column":15},"end":{"line":36,"column":2}}},"fnMap":{"0":{"name":"(anonymous_0)","decl":{"start":{"line":4,"column":19},"end":{"line":4,"column":20}},"loc":{"start":{"line":4,"column":30},"end":{"line":13,"column":1}},"line":4}},"branchMap":{"0":{"loc":{"start":{"line":9,"column":67},"end":{"line":9,"column":97}},"type":"binary-expr","locations":[{"start":{"line":9,"column":67},"end":{"line":9,"column":75}},{"start":{"line":9,"column":79},"end":{"line":9,"column":97}}],"line":9}},"s":{"0":9,"1":36,"2":36,"3":36,"4":9},"f":{"0":36},"b":{"0":[36,1]},"_coverageSchema":"1a1c01bbd47fc00a2c39e90264f33305004495a9","hash":"c0a871ed20c7af01fe6b6cbbbf9d0feae23d0aa8"}
,"/Users/vinhtran/Desktop/junior/fall/SWE/f23-adventurista/frontend/Shared/EventCard.js": {"path":"/Users/vinhtran/Desktop/junior/fall/SWE/f23-adventurista/frontend/Shared/EventCard.js","statementMap":{"0":{"start":{"line":6,"column":18},"end":{"line":46,"column":1}},"1":{"start":{"line":8,"column":24},"end":{"line":8,"column":29}},"2":{"start":{"line":9,"column":21},"end":{"line":9,"column":36}},"3":{"start":{"line":11,"column":2},"end":{"line":45,"column":4}},"4":{"start":{"line":12,"column":37},"end":{"line":12,"column":73}},"5":{"start":{"line":48,"column":15},"end":{"line":74,"column":2}}},"fnMap":{"0":{"name":"(anonymous_0)","decl":{"start":{"line":6,"column":18},"end":{"line":6,"column":19}},"loc":{"start":{"line":6,"column":29},"end":{"line":46,"column":1}},"line":6},"1":{"name":"(anonymous_1)","decl":{"start":{"line":12,"column":31},"end":{"line":12,"column":32}},"loc":{"start":{"line":12,"column":37},"end":{"line":12,"column":73}},"line":12}},"branchMap":{},"s":{"0":1,"1":0,"2":0,"3":0,"4":0,"5":1},"f":{"0":0,"1":0},"b":{},"_coverageSchema":"1a1c01bbd47fc00a2c39e90264f33305004495a9","hash":"8d1e5a86450f4967d20cd057137189ebf3cfa744"}
,"/Users/vinhtran/Desktop/junior/fall/SWE/f23-adventurista/frontend/Shared/EventDetails.js": {"path":"/Users/vinhtran/Desktop/junior/fall/SWE/f23-adventurista/frontend/Shared/EventDetails.js","statementMap":{"0":{"start":{"line":9,"column":21},"end":{"line":67,"column":3}},"1":{"start":{"line":11,"column":23},"end":{"line":11,"column":38}},"2":{"start":{"line":12,"column":17},"end":{"line":12,"column":44}},"3":{"start":{"line":20,"column":30},"end":{"line":22,"column":5}},"4":{"start":{"line":24,"column":4},"end":{"line":66,"column":5}},"5":{"start":{"line":26,"column":98},"end":{"line":26,"column":117}},"6":{"start":{"line":69,"column":17},"end":{"line":104,"column":4}}},"fnMap":{"0":{"name":"(anonymous_0)","decl":{"start":{"line":9,"column":21},"end":{"line":9,"column":22}},"loc":{"start":{"line":9,"column":44},"end":{"line":67,"column":3}},"line":9},"1":{"name":"(anonymous_1)","decl":{"start":{"line":20,"column":30},"end":{"line":20,"column":31}},"loc":{"start":{"line":20,"column":36},"end":{"line":22,"column":5}},"line":20},"2":{"name":"(anonymous_2)","decl":{"start":{"line":26,"column":92},"end":{"line":26,"column":93}},"loc":{"start":{"line":26,"column":98},"end":{"line":26,"column":117}},"line":26}},"branchMap":{},"s":{"0":1,"1":0,"2":0,"3":0,"4":0,"5":0,"6":1},"f":{"0":0,"1":0,"2":0},"b":{},"_coverageSchema":"1a1c01bbd47fc00a2c39e90264f33305004495a9","hash":"9f41295ffa3fdd43fc806359a808a19580f0b18b"}
,"/Users/vinhtran/Desktop/junior/fall/SWE/f23-adventurista/frontend/Shared/GetAge.js": {"path":"/Users/vinhtran/Desktop/junior/fall/SWE/f23-adventurista/frontend/Shared/GetAge.js","statementMap":{"0":{"start":{"line":1,"column":15},"end":{"line":1,"column":100}},"1":{"start":{"line":1,"column":30},"end":{"line":1,"column":100}}},"fnMap":{"0":{"name":"(anonymous_0)","decl":{"start":{"line":1,"column":15},"end":{"line":1,"column":16}},"loc":{"start":{"line":1,"column":30},"end":{"line":1,"column":100}},"line":1}},"branchMap":{},"s":{"0":3,"1":17},"f":{"0":17},"b":{},"_coverageSchema":"1a1c01bbd47fc00a2c39e90264f33305004495a9","hash":"bcf3235c5de2781e9518ad0d8a9718a676aefec2"}
}
