TN:
SF:App.js
FN:14,App
FNF:1
FNH:0
FNDA:0,App
DA:12,0
DA:15,0
DA:24,0
LF:3
LH:0
BRF:0
BRH:0
end_of_record
TN:
SF:Navigators/AuthenticationNavigator.js
FN:11,(anonymous_0)
FN:39,AuthenticationNavigator
FNF:2
FNH:2
FNDA:2,(anonymous_0)
FNDA:2,AuthenticationNavigator
DA:9,2
DA:11,2
DA:12,2
DA:40,2
LF:4
LH:4
BRF:0
BRH:0
end_of_record
TN:
SF:Navigators/CalendarNavigator.js
FN:9,(anonymous_0)
FN:30,CalendarNavigator
FNF:2
FNH:2
FNDA:2,(anonymous_0)
FNDA:2,CalendarNavigator
DA:7,1
DA:9,1
DA:10,2
DA:31,2
LF:4
LH:4
BRF:0
BRH:0
end_of_record
TN:
SF:Navigators/FeedNavigator.js
FN:10,(anonymous_0)
FN:38,FeedNavigator
FNF:2
FNH:2
FNDA:2,(anonymous_0)
FNDA:2,FeedNavigator
DA:8,1
DA:10,1
DA:11,2
DA:39,2
LF:4
LH:4
BRF:0
BRH:0
end_of_record
TN:
SF:Navigators/MainNavigator.js
FN:19,(anonymous_0)
FN:39,(anonymous_1)
FN:49,(anonymous_2)
FN:59,(anonymous_3)
FN:69,(anonymous_4)
FN:79,(anonymous_5)
FNF:6
FNH:1
FNDA:1,(anonymous_0)
FNDA:0,(anonymous_1)
FNDA:0,(anonymous_2)
FNDA:0,(anonymous_3)
FNDA:0,(anonymous_4)
FNDA:0,(anonymous_5)
DA:17,1
DA:19,1
DA:21,1
DA:22,1
DA:24,1
DA:25,1
DA:40,0
DA:50,0
DA:60,0
DA:70,0
DA:80,0
DA:88,0
LF:12
LH:6
BRDA:24,0,0,1
BRDA:24,0,1,0
BRF:2
BRH:1
end_of_record
TN:
SF:Navigators/PostNavigator.js
FN:8,(anonymous_0)
FN:22,PostNavigator
FNF:2
FNH:2
FNDA:2,(anonymous_0)
FNDA:2,PostNavigator
DA:6,1
DA:8,1
DA:9,2
DA:23,2
LF:4
LH:4
BRF:0
BRH:0
end_of_record
TN:
SF:Navigators/ProfileNavigator.js
FN:10,(anonymous_0)
FN:38,ProfileNavigator
FNF:2
FNH:2
FNDA:2,(anonymous_0)
FNDA:2,ProfileNavigator
DA:8,1
DA:10,1
DA:11,2
DA:39,2
LF:4
LH:4
BRF:0
BRH:0
end_of_record
TN:
SF:Navigators/SavedEventsNavigator.js
FN:9,(anonymous_0)
FN:30,MessagesNavigator
FNF:2
FNH:2
FNDA:2,(anonymous_0)
FNDA:2,MessagesNavigator
DA:7,1
DA:9,1
DA:10,2
DA:31,2
LF:4
LH:4
BRF:0
BRH:0
end_of_record
TN:
SF:Redux/constants.js
FNF:0
FNH:0
DA:1,11
DA:2,11
DA:3,11
LF:3
LH:3
BRF:0
BRH:0
end_of_record
TN:
SF:Redux/store.js
FNF:0
FNH:0
DA:5,2
DA:9,2
LF:2
LH:2
BRF:0
BRH:0
end_of_record
TN:
SF:Redux/userSlice.js
FN:4,(anonymous_0)
FN:11,(anonymous_1)
FN:18,(anonymous_2)
FN:48,(anonymous_3)
FN:88,(anonymous_4)
FN:89,(anonymous_5)
FN:90,(anonymous_6)
FNF:7
FNH:5
FNDA:3,(anonymous_0)
FNDA:1,(anonymous_1)
FNDA:1,(anonymous_2)
FNDA:9,(anonymous_3)
FNDA:0,(anonymous_4)
FNDA:11,(anonymous_5)
FNDA:0,(anonymous_6)
DA:4,11
DA:5,3
DA:11,11
DA:12,1
DA:18,11
DA:19,1
DA:25,11
DA:48,11
DA:49,9
DA:51,1
DA:75,1
DA:78,1
DA:83,6
DA:88,11
DA:89,11
DA:90,11
LF:16
LH:16
BRDA:48,0,0,6
BRDA:49,1,0,1
BRDA:49,1,1,1
BRDA:49,1,2,1
BRDA:88,2,0,0
BRDA:88,2,1,0
BRDA:90,3,0,0
BRDA:90,3,1,0
BRF:8
BRH:4
end_of_record
TN:
SF:Screens/Authenticate/Login/Login.js
FN:9,(anonymous_0)
FN:18,(anonymous_1)
FN:65,(anonymous_2)
FN:69,(anonymous_3)
FN:76,(anonymous_4)
FNF:5
FNH:5
FNDA:7,(anonymous_0)
FNDA:2,(anonymous_1)
FNDA:1,(anonymous_2)
FNDA:1,(anonymous_3)
FNDA:1,(anonymous_4)
DA:9,2
DA:11,7
DA:14,7
DA:15,7
DA:16,7
DA:18,7
DA:19,2
DA:20,2
DA:24,1
DA:25,1
DA:26,1
DA:48,1
DA:50,0
DA:53,1
DA:54,1
DA:58,7
DA:65,1
DA:69,1
DA:76,1
DA:83,2
LF:20
LH:19
BRDA:24,0,0,1
BRDA:24,0,1,0
BRF:2
BRH:1
end_of_record
TN:
SF:Screens/Authenticate/Signup/Signup.js
FN:5,(anonymous_0)
FN:14,(anonymous_1)
FN:42,(anonymous_2)
FN:46,(anonymous_3)
FN:50,(anonymous_4)
FN:54,(anonymous_5)
FN:61,(anonymous_6)
FNF:7
FNH:7
FNDA:9,(anonymous_0)
FNDA:2,(anonymous_1)
FNDA:1,(anonymous_2)
FNDA:1,(anonymous_3)
FNDA:1,(anonymous_4)
FNDA:1,(anonymous_5)
FNDA:1,(anonymous_6)
DA:5,2
DA:7,9
DA:9,9
DA:10,9
DA:11,9
DA:12,9
DA:14,9
DA:15,2
DA:16,2
DA:22,1
DA:23,1
DA:24,1
DA:25,1
DA:27,0
DA:30,1
DA:31,1
DA:35,9
DA:42,1
DA:46,1
DA:50,1
DA:54,1
DA:61,1
DA:68,2
LF:23
LH:22
BRDA:22,0,0,1
BRDA:22,0,1,0
BRF:2
BRH:1
end_of_record
TN:
SF:Screens/Authenticate/Signup/Step2.js
FN:11,(anonymous_0)
FN:25,(anonymous_1)
FN:68,(anonymous_2)
FN:82,(anonymous_3)
FN:86,(anonymous_4)
FN:92,(anonymous_5)
FN:99,(anonymous_6)
FN:105,(anonymous_7)
FNF:8
FNH:8
FNDA:18,(anonymous_0)
FNDA:2,(anonymous_1)
FNDA:4,(anonymous_2)
FNDA:1,(anonymous_3)
FNDA:1,(anonymous_4)
FNDA:5,(anonymous_5)
FNDA:10,(anonymous_6)
FNDA:1,(anonymous_7)
DA:11,2
DA:13,18
DA:16,18
DA:18,18
DA:19,18
DA:20,18
DA:21,18
DA:23,18
DA:25,18
DA:26,2
DA:28,2
DA:34,0
DA:35,0
DA:36,0
DA:58,0
DA:60,0
DA:63,2
DA:64,2
DA:68,18
DA:69,4
DA:70,4
DA:71,4
DA:72,4
DA:75,18
DA:82,1
DA:86,1
DA:92,5
DA:100,10
DA:105,1
DA:120,2
LF:30
LH:25
BRDA:34,0,0,0
BRDA:34,0,1,0
BRDA:89,1,0,1
BRDA:89,1,1,17
BRDA:90,2,0,18
BRDA:90,2,1,17
BRDA:99,3,0,18
BRDA:99,3,1,6
BRDA:104,4,0,18
BRDA:104,4,1,1
BRDA:111,5,0,1
BRDA:111,5,1,17
BRF:12
BRH:10
end_of_record
TN:
SF:Screens/Calendar/Calendar.js
FN:10,(anonymous_0)
FN:20,(anonymous_1)
FN:22,(anonymous_2)
FN:27,(anonymous_3)
FN:32,(anonymous_4)
FN:37,(anonymous_5)
FNF:6
FNH:0
FNDA:0,(anonymous_0)
FNDA:0,(anonymous_1)
FNDA:0,(anonymous_2)
FNDA:0,(anonymous_3)
FNDA:0,(anonymous_4)
FNDA:0,(anonymous_5)
DA:10,0
DA:12,0
DA:14,0
DA:15,0
DA:17,0
DA:18,0
DA:20,0
DA:21,0
DA:23,0
DA:24,0
DA:28,0
DA:31,0
DA:33,0
DA:34,0
DA:38,0
DA:45,0
DA:64,0
LF:17
LH:0
BRF:0
BRH:0
end_of_record
TN:
SF:Screens/Feed/Feed.js
FN:10,(anonymous_0)
FN:19,(anonymous_1)
FN:21,(anonymous_2)
FN:26,(anonymous_3)
FN:38,(anonymous_4)
FN:51,(anonymous_5)
FNF:6
FNH:0
FNDA:0,(anonymous_0)
FNDA:0,(anonymous_1)
FNDA:0,(anonymous_2)
FNDA:0,(anonymous_3)
FNDA:0,(anonymous_4)
FNDA:0,(anonymous_5)
DA:10,1
DA:11,0
DA:12,0
DA:13,0
DA:14,0
DA:16,0
DA:19,0
DA:20,0
DA:22,0
DA:23,0
DA:27,0
DA:31,0
DA:39,0
DA:51,0
DA:58,1
LF:15
LH:2
BRF:0
BRH:0
end_of_record
TN:
SF:Screens/Feed/FeedFixedTop.js
FN:8,(anonymous_0)
FN:17,(anonymous_1)
FN:21,(anonymous_2)
FN:59,(anonymous_3)
FN:76,(anonymous_4)
FNF:5
FNH:4
FNDA:5,(anonymous_0)
FNDA:2,(anonymous_1)
FNDA:1,(anonymous_2)
FNDA:0,(anonymous_3)
FNDA:1,(anonymous_4)
DA:8,2
DA:10,5
DA:11,5
DA:12,5
DA:14,5
DA:15,5
DA:17,5
DA:18,2
DA:21,5
DA:22,1
DA:23,1
DA:33,0
DA:34,0
DA:35,0
DA:38,0
DA:39,0
DA:43,0
DA:44,0
DA:46,0
DA:49,1
DA:50,1
DA:55,5
DA:59,0
DA:76,1
DA:108,2
LF:25
LH:16
BRDA:33,0,0,0
BRDA:33,0,1,0
BRDA:65,1,0,2
BRDA:65,1,1,3
BRDA:68,2,0,2
BRDA:68,2,1,2
BRDA:89,3,0,5
BRDA:89,3,1,3
BRF:8
BRH:6
end_of_record
TN:
SF:Screens/Feed/Post.js
FN:14,(anonymous_0)
FN:52,(anonymous_1)
FN:58,(anonymous_2)
FN:64,(anonymous_3)
FN:67,(anonymous_4)
FN:72,(anonymous_5)
FN:82,(anonymous_6)
FN:85,(anonymous_7)
FNF:8
FNH:0
FNDA:0,(anonymous_0)
FNDA:0,(anonymous_1)
FNDA:0,(anonymous_2)
FNDA:0,(anonymous_3)
FNDA:0,(anonymous_4)
FNDA:0,(anonymous_5)
FNDA:0,(anonymous_6)
FNDA:0,(anonymous_7)
DA:14,1
DA:16,0
DA:17,0
DA:18,0
DA:20,0
DA:22,0
DA:25,0
DA:27,0
DA:29,0
DA:36,0
DA:43,0
DA:50,0
DA:52,0
DA:53,0
DA:54,0
DA:58,0
DA:59,0
DA:60,0
DA:64,0
DA:66,0
DA:69,0
DA:70,0
DA:73,0
DA:77,0
DA:82,0
DA:86,0
DA:130,1
LF:27
LH:2
BRDA:53,0,0,0
BRDA:53,0,1,0
BRDA:59,1,0,0
BRDA:59,1,1,0
BRDA:87,2,0,0
BRDA:87,2,1,0
BRF:6
BRH:0
end_of_record
TN:
SF:Screens/Feed/PostBottom.js
FN:11,(anonymous_0)
FN:20,(anonymous_1)
FN:45,(anonymous_2)
FN:72,(anonymous_3)
FNF:4
FNH:4
FNDA:5,(anonymous_0)
FNDA:2,(anonymous_1)
FNDA:2,(anonymous_2)
FNDA:15,(anonymous_3)
DA:11,2
DA:13,5
DA:15,5
DA:17,5
DA:18,5
DA:20,5
DA:21,2
DA:22,2
DA:26,1
DA:27,1
DA:28,1
DA:30,1
DA:35,0
DA:37,0
DA:40,2
DA:41,2
DA:45,5
DA:46,2
DA:47,2
DA:48,1
DA:50,1
DA:51,1
DA:53,1
DA:58,0
DA:60,0
DA:63,2
DA:64,2
DA:68,5
DA:73,15
DA:94,2
LF:30
LH:26
BRDA:26,0,0,1
BRDA:26,0,1,0
BRDA:48,1,0,1
BRDA:48,1,1,0
BRF:4
BRH:2
end_of_record
TN:
SF:Screens/Feed/PostTop.js
FN:5,(anonymous_0)
FN:11,(anonymous_1)
FNF:2
FNH:2
FNDA:1,(anonymous_0)
FNDA:1,(anonymous_1)
DA:5,2
DA:7,1
DA:11,1
DA:12,1
DA:15,1
DA:17,1
DA:51,2
LF:7
LH:7
BRF:0
BRH:0
end_of_record
TN:
SF:Screens/Feed/UserBottom.js
FN:6,(anonymous_0)
FN:10,(anonymous_1)
FNF:2
FNH:1
FNDA:1,(anonymous_0)
FNDA:0,(anonymous_1)
DA:6,2
DA:8,1
DA:10,1
DA:14,1
DA:38,2
LF:5
LH:5
BRF:0
BRH:0
end_of_record
TN:
SF:Screens/Feed/UserTop.js
FN:6,(anonymous_0)
FN:12,(anonymous_1)
FN:30,(anonymous_2)
FNF:3
FNH:3
FNDA:1,(anonymous_0)
FNDA:1,(anonymous_1)
FNDA:3,(anonymous_2)
DA:6,2
DA:8,1
DA:12,1
DA:13,1
DA:16,1
DA:31,3
DA:41,2
LF:7
LH:7
BRF:0
BRH:0
end_of_record
TN:
SF:Screens/Feed/Notifications/FollowRequest.js
FN:9,(anonymous_0)
FN:19,(anonymous_1)
FN:22,(anonymous_2)
FN:26,(anonymous_3)
FN:35,(anonymous_4)
FN:63,(anonymous_5)
FNF:6
FNH:6
FNDA:10,(anonymous_0)
FNDA:7,(anonymous_1)
FNDA:3,(anonymous_2)
FNDA:2,(anonymous_3)
FNDA:1,(anonymous_4)
FNDA:1,(anonymous_5)
DA:9,2
DA:11,10
DA:12,10
DA:13,10
DA:14,10
DA:15,10
DA:16,10
DA:17,10
DA:19,10
DA:21,7
DA:23,3
DA:27,2
DA:35,10
DA:36,1
DA:37,1
DA:42,0
DA:43,0
DA:46,0
DA:51,0
DA:54,0
DA:58,1
DA:59,1
DA:63,10
DA:64,1
DA:65,1
DA:70,0
DA:71,0
DA:74,0
DA:80,0
DA:82,0
DA:86,1
DA:87,1
DA:91,10
DA:109,2
LF:34
LH:24
BRDA:42,0,0,0
BRDA:42,0,1,0
BRDA:70,1,0,0
BRDA:70,1,1,0
BRF:4
BRH:0
end_of_record
TN:
SF:Screens/Feed/Notifications/Notifications.js
FN:10,(anonymous_0)
FN:18,(anonymous_1)
FN:24,(anonymous_2)
FNF:3
FNH:3
FNDA:2,(anonymous_0)
FNDA:1,(anonymous_1)
FNDA:4,(anonymous_2)
DA:10,1
DA:12,2
DA:15,2
DA:18,1
DA:25,4
DA:32,1
LF:6
LH:6
BRF:0
BRH:0
end_of_record
TN:
SF:Screens/Post/Post.js
FN:14,(anonymous_0)
FN:82,(anonymous_1)
FN:111,(anonymous_2)
FN:115,(anonymous_3)
FN:119,(anonymous_4)
FN:123,(anonymous_5)
FN:127,(anonymous_6)
FN:131,(anonymous_7)
FN:133,(anonymous_8)
FN:133,(anonymous_9)
FN:135,(anonymous_10)
FN:140,(anonymous_11)
FN:154,(anonymous_12)
FN:190,(anonymous_13)
FN:191,(anonymous_14)
FN:196,(anonymous_15)
FN:219,(anonymous_16)
FN:291,(anonymous_17)
FN:302,(anonymous_18)
FN:327,(anonymous_19)
FN:346,(anonymous_20)
FN:353,(anonymous_21)
FNF:22
FNH:0
FNDA:0,(anonymous_0)
FNDA:0,(anonymous_1)
FNDA:0,(anonymous_2)
FNDA:0,(anonymous_3)
FNDA:0,(anonymous_4)
FNDA:0,(anonymous_5)
FNDA:0,(anonymous_6)
FNDA:0,(anonymous_7)
FNDA:0,(anonymous_8)
FNDA:0,(anonymous_9)
FNDA:0,(anonymous_10)
FNDA:0,(anonymous_11)
FNDA:0,(anonymous_12)
FNDA:0,(anonymous_13)
FNDA:0,(anonymous_14)
FNDA:0,(anonymous_15)
FNDA:0,(anonymous_16)
FNDA:0,(anonymous_17)
FNDA:0,(anonymous_18)
FNDA:0,(anonymous_19)
FNDA:0,(anonymous_20)
FNDA:0,(anonymous_21)
DA:14,0
DA:16,0
DA:18,0
DA:19,0
DA:21,0
DA:22,0
DA:23,0
DA:24,0
DA:25,0
DA:26,0
DA:27,0
DA:28,0
DA:29,0
DA:30,0
DA:34,0
DA:40,0
DA:46,0
DA:52,0
DA:53,0
DA:54,0
DA:55,0
DA:82,0
DA:83,0
DA:85,0
DA:86,0
DA:87,0
DA:90,0
DA:96,0
DA:97,0
DA:98,0
DA:101,0
DA:103,0
DA:104,0
DA:105,0
DA:106,0
DA:107,0
DA:111,0
DA:112,0
DA:113,0
DA:115,0
DA:116,0
DA:117,0
DA:119,0
DA:120,0
DA:121,0
DA:123,0
DA:124,0
DA:125,0
DA:127,0
DA:128,0
DA:131,0
DA:132,0
DA:133,0
DA:134,0
DA:135,0
DA:137,0
DA:140,0
DA:141,0
DA:142,0
DA:143,0
DA:144,0
DA:145,0
DA:146,0
DA:147,0
DA:148,0
DA:149,0
DA:150,0
DA:154,0
DA:156,0
DA:158,0
DA:167,0
DA:168,0
DA:169,0
DA:172,0
DA:173,0
DA:174,0
DA:175,0
DA:176,0
DA:183,0
DA:189,0
DA:190,0
DA:191,0
DA:193,0
DA:195,0
DA:197,0
DA:198,0
DA:199,0
DA:200,0
DA:209,0
DA:210,0
DA:212,0
DA:215,0
DA:216,0
DA:220,0
DA:221,0
DA:224,0
DA:228,0
DA:229,0
DA:232,0
DA:233,0
DA:234,0
DA:236,0
DA:239,0
DA:240,0
DA:244,0
DA:291,0
DA:302,0
DA:327,0
DA:346,0
DA:353,0
DA:367,0
DA:378,0
LF:112
LH:0
BRDA:85,0,0,0
BRDA:85,0,1,0
BRDA:96,1,0,0
BRDA:96,1,1,0
BRDA:103,2,0,0
BRDA:103,2,1,0
BRDA:103,3,0,0
BRDA:103,3,1,0
BRDA:132,4,0,0
BRDA:132,4,1,0
BRDA:134,5,0,0
BRDA:134,5,1,0
BRDA:167,6,0,0
BRDA:167,6,1,0
BRDA:174,7,0,0
BRDA:174,7,1,0
BRDA:174,8,0,0
BRDA:174,8,1,0
BRDA:209,9,0,0
BRDA:209,9,1,0
BRDA:276,10,0,0
BRDA:276,10,1,0
BRDA:337,11,0,0
BRDA:337,11,1,0
BRDA:338,12,0,0
BRDA:338,12,1,0
BRDA:343,13,0,0
BRDA:343,13,1,0
BRF:28
BRH:0
end_of_record
TN:
SF:Screens/Post/SelectDate.js
FN:5,(anonymous_0)
FN:7,(anonymous_1)
FN:17,(anonymous_2)
FN:22,(anonymous_3)
FNF:4
FNH:2
FNDA:2,(anonymous_0)
FNDA:0,(anonymous_1)
FNDA:0,(anonymous_2)
FNDA:2,(anonymous_3)
DA:5,1
DA:7,2
DA:8,0
DA:11,2
DA:18,0
DA:23,2
DA:32,1
LF:7
LH:5
BRDA:23,0,0,0
BRDA:23,0,1,2
BRF:2
BRH:1
end_of_record
TN:
SF:Screens/Post/Tags.js
FN:5,(anonymous_0)
FN:8,(anonymous_1)
FN:13,(anonymous_2)
FNF:3
FNH:3
FNDA:2,(anonymous_0)
FNDA:6,(anonymous_1)
FNDA:1,(anonymous_2)
DA:5,1
DA:6,2
DA:9,6
DA:10,6
DA:13,1
DA:25,1
LF:6
LH:6
BRF:0
BRH:0
end_of_record
TN:
SF:Screens/Profile/Bubble.js
FN:4,(anonymous_0)
FN:7,(anonymous_1)
FNF:2
FNH:2
FNDA:47,(anonymous_0)
FNDA:19,(anonymous_1)
DA:4,2
DA:5,47
DA:7,47
DA:8,19
DA:9,19
DA:12,47
DA:24,2
LF:7
LH:7
BRF:0
BRH:0
end_of_record
TN:
SF:Screens/Profile/EditProfile.js
FN:12,(anonymous_0)
FN:33,(anonymous_1)
FN:61,(anonymous_2)
FN:89,(anonymous_3)
FN:100,(anonymous_4)
FN:108,(anonymous_5)
FN:135,(anonymous_6)
FN:152,(anonymous_7)
FN:174,(anonymous_8)
FN:191,(anonymous_9)
FN:232,(anonymous_10)
FN:287,(anonymous_11)
FN:294,(anonymous_12)
FN:305,(anonymous_13)
FN:316,(anonymous_14)
FN:323,(anonymous_15)
FN:329,(anonymous_16)
FN:343,(anonymous_17)
FN:357,(anonymous_18)
FNF:19
FNH:0
FNDA:0,(anonymous_0)
FNDA:0,(anonymous_1)
FNDA:0,(anonymous_2)
FNDA:0,(anonymous_3)
FNDA:0,(anonymous_4)
FNDA:0,(anonymous_5)
FNDA:0,(anonymous_6)
FNDA:0,(anonymous_7)
FNDA:0,(anonymous_8)
FNDA:0,(anonymous_9)
FNDA:0,(anonymous_10)
FNDA:0,(anonymous_11)
FNDA:0,(anonymous_12)
FNDA:0,(anonymous_13)
FNDA:0,(anonymous_14)
FNDA:0,(anonymous_15)
FNDA:0,(anonymous_16)
FNDA:0,(anonymous_17)
FNDA:0,(anonymous_18)
DA:12,0
DA:14,0
DA:16,0
DA:17,0
DA:21,0
DA:22,0
DA:23,0
DA:24,0
DA:25,0
DA:26,0
DA:27,0
DA:28,0
DA:29,0
DA:33,0
DA:34,0
DA:36,0
DA:37,0
DA:38,0
DA:41,0
DA:47,0
DA:48,0
DA:49,0
DA:52,0
DA:54,0
DA:55,0
DA:56,0
DA:57,0
DA:61,0
DA:62,0
DA:64,0
DA:65,0
DA:66,0
DA:69,0
DA:75,0
DA:76,0
DA:77,0
DA:80,0
DA:82,0
DA:83,0
DA:84,0
DA:85,0
DA:89,0
DA:90,0
DA:91,0
DA:92,0
DA:93,0
DA:94,0
DA:95,0
DA:96,0
DA:97,0
DA:100,0
DA:101,0
DA:102,0
DA:103,0
DA:104,0
DA:108,0
DA:109,0
DA:110,0
DA:119,0
DA:120,0
DA:123,0
DA:124,0
DA:125,0
DA:126,0
DA:127,0
DA:130,0
DA:134,0
DA:136,0
DA:137,0
DA:138,0
DA:139,0
DA:142,0
DA:143,0
DA:145,0
DA:148,0
DA:149,0
DA:153,0
DA:154,0
DA:157,0
DA:162,0
DA:163,0
DA:164,0
DA:165,0
DA:166,0
DA:169,0
DA:173,0
DA:175,0
DA:176,0
DA:177,0
DA:178,0
DA:181,0
DA:182,0
DA:184,0
DA:187,0
DA:188,0
DA:192,0
DA:193,0
DA:196,0
DA:200,0
DA:204,0
DA:205,0
DA:206,0
DA:208,0
DA:211,0
DA:212,0
DA:223,0
DA:232,0
DA:287,0
DA:294,0
DA:305,0
DA:316,0
DA:324,0
DA:329,0
DA:343,0
DA:357,0
DA:369,0
DA:380,0
LF:117
LH:0
BRDA:36,0,0,0
BRDA:36,0,1,0
BRDA:47,1,0,0
BRDA:47,1,1,0
BRDA:54,2,0,0
BRDA:54,2,1,0
BRDA:54,3,0,0
BRDA:54,3,1,0
BRDA:64,4,0,0
BRDA:64,4,1,0
BRDA:75,5,0,0
BRDA:75,5,1,0
BRDA:82,6,0,0
BRDA:82,6,1,0
BRDA:82,7,0,0
BRDA:82,7,1,0
BRDA:119,8,0,0
BRDA:119,8,1,0
BRDA:125,9,0,0
BRDA:125,9,1,0
BRDA:125,10,0,0
BRDA:125,10,1,0
BRDA:142,11,0,0
BRDA:142,11,1,0
BRDA:164,12,0,0
BRDA:164,12,1,0
BRDA:164,13,0,0
BRDA:164,13,1,0
BRDA:181,14,0,0
BRDA:181,14,1,0
BRDA:260,15,0,0
BRDA:260,15,1,0
BRDA:270,16,0,0
BRDA:270,16,1,0
BRDA:313,17,0,0
BRDA:313,17,1,0
BRDA:314,18,0,0
BRDA:314,18,1,0
BRDA:323,19,0,0
BRDA:323,19,1,0
BRDA:328,20,0,0
BRDA:328,20,1,0
BRF:42
BRH:0
end_of_record
TN:
SF:Screens/Profile/FriendProfileView.js
FN:15,(anonymous_0)
FN:28,(anonymous_1)
FN:38,(anonymous_2)
FN:39,(anonymous_3)
FN:42,(anonymous_4)
FN:48,(anonymous_5)
FN:53,(anonymous_6)
FN:84,(anonymous_7)
FN:123,(anonymous_8)
FN:214,(anonymous_9)
FN:245,(anonymous_10)
FNF:11
FNH:5
FNDA:15,(anonymous_0)
FNDA:1,(anonymous_1)
FNDA:0,(anonymous_2)
FNDA:0,(anonymous_3)
FNDA:6,(anonymous_4)
FNDA:6,(anonymous_5)
FNDA:2,(anonymous_6)
FNDA:0,(anonymous_7)
FNDA:0,(anonymous_8)
FNDA:0,(anonymous_9)
FNDA:0,(anonymous_10)
DA:15,1
DA:16,15
DA:17,15
DA:18,15
DA:21,15
DA:22,15
DA:23,15
DA:24,15
DA:26,15
DA:28,15
DA:29,1
DA:32,15
DA:33,15
DA:34,15
DA:35,15
DA:36,15
DA:38,15
DA:39,15
DA:40,15
DA:42,15
DA:45,15
DA:46,15
DA:48,15
DA:49,6
DA:50,6
DA:53,15
DA:54,2
DA:55,2
DA:60,2
DA:61,1
DA:63,1
DA:64,1
DA:67,1
DA:72,1
DA:75,0
DA:79,1
DA:80,1
DA:84,15
DA:85,0
DA:86,0
DA:91,0
DA:92,0
DA:94,0
DA:95,0
DA:96,0
DA:99,0
DA:104,0
DA:105,0
DA:106,0
DA:109,0
DA:113,0
DA:114,0
DA:118,15
DA:123,0
DA:215,0
DA:246,0
DA:266,1
LF:57
LH:39
BRDA:32,0,0,15
BRDA:32,0,1,15
BRDA:33,1,0,15
BRDA:33,1,1,15
BRDA:34,2,0,15
BRDA:34,2,1,13
BRDA:35,3,0,15
BRDA:35,3,1,13
BRDA:36,4,0,15
BRDA:36,4,1,15
BRDA:40,5,0,0
BRDA:40,5,1,15
BRDA:40,6,0,2
BRDA:40,6,1,13
BRDA:60,7,0,1
BRDA:60,7,1,0
BRDA:91,8,0,0
BRDA:91,8,1,0
BRDA:145,9,0,0
BRDA:145,9,1,15
BRDA:174,10,0,15
BRDA:174,10,1,13
BRDA:175,11,0,15
BRDA:175,11,1,11
BRDA:190,12,0,2
BRDA:190,12,1,13
BRDA:190,13,0,15
BRDA:190,13,1,15
BRDA:191,14,0,0
BRDA:191,14,1,2
BRDA:225,15,0,15
BRDA:225,15,1,0
BRDA:239,16,0,0
BRDA:239,16,1,0
BRF:34
BRH:25
end_of_record
TN:
SF:Screens/Profile/IndividualPost.js
FN:10,(anonymous_0)
FN:19,(anonymous_1)
FN:21,(anonymous_2)
FN:24,(anonymous_3)
FN:31,(anonymous_4)
FNF:5
FNH:0
FNDA:0,(anonymous_0)
FNDA:0,(anonymous_1)
FNDA:0,(anonymous_2)
FNDA:0,(anonymous_3)
FNDA:0,(anonymous_4)
DA:10,1
DA:12,0
DA:13,0
DA:14,0
DA:16,0
DA:17,0
DA:19,0
DA:20,0
DA:22,0
DA:25,0
DA:26,0
DA:30,0
DA:31,0
DA:51,1
LF:14
LH:2
BRF:0
BRH:0
end_of_record
TN:
SF:Screens/Profile/MyEvents.js
FN:60,(anonymous_0)
FN:63,(anonymous_1)
FNF:2
FNH:0
FNDA:0,(anonymous_0)
FNDA:0,(anonymous_1)
DA:7,1
DA:60,1
DA:61,0
DA:64,0
DA:77,1
LF:5
LH:3
BRF:0
BRH:0
end_of_record
TN:
SF:Screens/Profile/MyGroups.js
FN:8,(anonymous_0)
FN:16,(anonymous_1)
FN:18,(anonymous_2)
FN:22,(anonymous_3)
FNF:4
FNH:4
FNDA:3,(anonymous_0)
FNDA:2,(anonymous_1)
FNDA:1,(anonymous_2)
FNDA:1,(anonymous_3)
DA:8,2
DA:10,3
DA:12,3
DA:14,3
DA:16,3
DA:17,2
DA:19,1
DA:23,1
DA:24,1
DA:28,3
DA:36,2
LF:11
LH:11
BRF:0
BRH:0
end_of_record
TN:
SF:Screens/Profile/ProfileUser.js
FN:14,(anonymous_0)
FN:20,(anonymous_1)
FN:25,(anonymous_2)
FN:29,(anonymous_3)
FN:34,(anonymous_4)
FN:87,(anonymous_5)
FNF:6
FNH:0
FNDA:0,(anonymous_0)
FNDA:0,(anonymous_1)
FNDA:0,(anonymous_2)
FNDA:0,(anonymous_3)
FNDA:0,(anonymous_4)
FNDA:0,(anonymous_5)
DA:14,0
DA:16,0
DA:17,0
DA:18,0
DA:19,0
DA:20,0
DA:22,0
DA:23,0
DA:25,0
DA:26,0
DA:29,0
DA:30,0
DA:31,0
DA:34,0
DA:35,0
DA:36,0
DA:39,0
DA:88,0
DA:114,0
LF:19
LH:0
BRF:0
BRH:0
end_of_record
TN:
SF:Screens/SavedEvents/SavedEvents.js
FN:10,(anonymous_0)
FN:18,(anonymous_1)
FN:20,(anonymous_2)
FN:24,(anonymous_3)
FNF:4
FNH:0
FNDA:0,(anonymous_0)
FNDA:0,(anonymous_1)
FNDA:0,(anonymous_2)
FNDA:0,(anonymous_3)
DA:10,0
DA:12,0
DA:14,0
DA:16,0
DA:18,0
DA:19,0
DA:21,0
DA:22,0
DA:25,0
DA:29,0
DA:47,0
LF:11
LH:0
BRF:0
BRH:0
end_of_record
TN:
SF:Shared/AttendingUser.js
FN:6,(anonymous_0)
FNF:1
FNH:1
FNDA:1,(anonymous_0)
DA:6,3
DA:8,1
DA:9,1
DA:13,1
DA:26,3
LF:5
LH:5
BRF:0
BRH:0
end_of_record
TN:
SF:Shared/BubbleText.js
FN:4,(anonymous_0)
FNF:1
FNH:1
FNDA:36,(anonymous_0)
DA:4,9
DA:5,36
DA:6,36
DA:8,36
DA:15,9
LF:5
LH:5
BRDA:9,0,0,36
BRDA:9,0,1,1
BRF:2
BRH:2
end_of_record
TN:
SF:Shared/EventCard.js
FN:6,(anonymous_0)
FN:12,(anonymous_1)
FNF:2
FNH:0
FNDA:0,(anonymous_0)
FNDA:0,(anonymous_1)
DA:6,1
DA:8,0
DA:9,0
DA:11,0
DA:12,0
DA:48,1
LF:6
LH:2
BRF:0
BRH:0
end_of_record
TN:
SF:Shared/EventDetails.js
FN:9,(anonymous_0)
FN:20,(anonymous_1)
FN:26,(anonymous_2)
FNF:3
FNH:0
FNDA:0,(anonymous_0)
FNDA:0,(anonymous_1)
FNDA:0,(anonymous_2)
DA:9,1
DA:11,0
DA:12,0
DA:20,0
DA:24,0
DA:26,0
DA:69,1
LF:7
LH:2
BRF:0
BRH:0
end_of_record
TN:
SF:Shared/GetAge.js
FN:1,(anonymous_0)
FNF:1
FNH:1
FNDA:17,(anonymous_0)
DA:1,17
LF:1
LH:1
BRF:0
BRH:0
end_of_record
