TN:
SF:App.js
FN:15,App
FNF:1
FNH:0
FNDA:0,App
DA:13,0
DA:16,0
DA:25,0
LF:3
LH:0
BRF:0
BRH:0
end_of_record
TN:
SF:Navigators/AuthenticationNavigator.js
FN:11,(anonymous_0)
FN:39,AuthenticationNavigator
FNF:2
FNH:2
FNDA:2,(anonymous_0)
FNDA:2,AuthenticationNavigator
DA:9,1
DA:11,1
DA:12,2
DA:40,2
LF:4
LH:4
BRF:0
BRH:0
end_of_record
TN:
SF:Navigators/CalendarNavigator.js
FN:9,(anonymous_0)
FN:30,CalendarNavigator
FNF:2
FNH:2
FNDA:2,(anonymous_0)
FNDA:2,CalendarNavigator
DA:7,1
DA:9,1
DA:10,2
DA:31,2
LF:4
LH:4
BRF:0
BRH:0
end_of_record
TN:
SF:Navigators/FeedNavigator.js
FN:10,(anonymous_0)
FN:38,FeedNavigator
FNF:2
FNH:2
FNDA:2,(anonymous_0)
FNDA:2,FeedNavigator
DA:8,1
DA:10,1
DA:11,2
DA:39,2
LF:4
LH:4
BRF:0
BRH:0
end_of_record
TN:
SF:Navigators/MainNavigator.js
FN:19,(anonymous_0)
FN:39,(anonymous_1)
FN:49,(anonymous_2)
FN:59,(anonymous_3)
FN:69,(anonymous_4)
FN:79,(anonymous_5)
FNF:6
FNH:0
FNDA:0,(anonymous_0)
FNDA:0,(anonymous_1)
FNDA:0,(anonymous_2)
FNDA:0,(anonymous_3)
FNDA:0,(anonymous_4)
FNDA:0,(anonymous_5)
DA:17,0
DA:19,0
DA:21,0
DA:22,0
DA:24,0
DA:25,0
DA:40,0
DA:50,0
DA:60,0
DA:70,0
DA:80,0
DA:88,0
LF:12
LH:0
BRDA:24,0,0,0
BRDA:24,0,1,0
BRF:2
BRH:0
end_of_record
TN:
SF:Navigators/PostNavigator.js
FN:8,(anonymous_0)
FN:22,PostNavigator
FNF:2
FNH:2
FNDA:2,(anonymous_0)
FNDA:2,PostNavigator
DA:6,1
DA:8,1
DA:9,2
DA:23,2
LF:4
LH:4
BRF:0
BRH:0
end_of_record
TN:
SF:Navigators/ProfileNavigator.js
FN:10,(anonymous_0)
FN:38,ProfileNavigator
FNF:2
FNH:2
FNDA:2,(anonymous_0)
FNDA:2,ProfileNavigator
DA:8,1
DA:10,1
DA:11,2
DA:39,2
LF:4
LH:4
BRF:0
BRH:0
end_of_record
TN:
SF:Navigators/SavedEventsNavigator.js
FN:9,(anonymous_0)
FN:30,MessagesNavigator
FNF:2
FNH:0
FNDA:0,(anonymous_0)
FNDA:0,MessagesNavigator
DA:7,0
DA:9,0
DA:10,0
DA:31,0
LF:4
LH:0
BRF:0
BRH:0
end_of_record
TN:
SF:Redux/constants.js
FNF:0
FNH:0
DA:1,5
DA:2,5
DA:3,5
LF:3
LH:3
BRF:0
BRH:0
end_of_record
TN:
SF:Redux/store.js
FNF:0
FNH:0
DA:5,3
DA:9,3
LF:2
LH:2
BRF:0
BRH:0
end_of_record
TN:
SF:Redux/userSlice.js
FN:4,(anonymous_0)
FN:11,(anonymous_1)
FN:18,(anonymous_2)
FN:48,(anonymous_3)
FN:88,(anonymous_4)
FN:89,(anonymous_5)
FN:90,(anonymous_6)
FNF:7
FNH:4
FNDA:1,(anonymous_0)
FNDA:1,(anonymous_1)
FNDA:1,(anonymous_2)
FNDA:12,(anonymous_3)
FNDA:0,(anonymous_4)
FNDA:0,(anonymous_5)
FNDA:0,(anonymous_6)
DA:4,5
DA:5,1
DA:11,5
DA:12,1
DA:18,5
DA:19,1
DA:25,5
DA:48,5
DA:49,12
DA:51,1
DA:75,1
DA:78,1
DA:83,9
DA:88,5
DA:89,5
DA:90,5
LF:16
LH:16
BRDA:48,0,0,9
BRDA:49,1,0,1
BRDA:49,1,1,1
BRDA:49,1,2,1
BRF:4
BRH:4
end_of_record
TN:
SF:Screens/Authenticate/Login/Login.js
FN:9,(anonymous_0)
FN:18,(anonymous_1)
FN:65,(anonymous_2)
FN:69,(anonymous_3)
FN:76,(anonymous_4)
FNF:5
FNH:0
FNDA:0,(anonymous_0)
FNDA:0,(anonymous_1)
FNDA:0,(anonymous_2)
FNDA:0,(anonymous_3)
FNDA:0,(anonymous_4)
DA:9,0
DA:11,0
DA:14,0
DA:15,0
DA:16,0
DA:18,0
DA:19,0
DA:20,0
DA:24,0
DA:25,0
DA:26,0
DA:48,0
DA:50,0
DA:53,0
DA:54,0
DA:58,0
DA:65,0
DA:69,0
DA:76,0
DA:83,0
LF:20
LH:0
BRDA:24,0,0,0
BRDA:24,0,1,0
BRF:2
BRH:0
end_of_record
TN:
SF:Screens/Authenticate/Signup/Signup.js
FN:5,(anonymous_0)
FN:14,(anonymous_1)
FN:43,(anonymous_2)
FN:47,(anonymous_3)
FN:51,(anonymous_4)
FN:55,(anonymous_5)
FN:62,(anonymous_6)
FNF:7
FNH:0
FNDA:0,(anonymous_0)
FNDA:0,(anonymous_1)
FNDA:0,(anonymous_2)
FNDA:0,(anonymous_3)
FNDA:0,(anonymous_4)
FNDA:0,(anonymous_5)
FNDA:0,(anonymous_6)
DA:5,0
DA:7,0
DA:9,0
DA:10,0
DA:11,0
DA:12,0
DA:14,0
DA:15,0
DA:16,0
DA:17,0
DA:23,0
DA:24,0
DA:25,0
DA:26,0
DA:28,0
DA:31,0
DA:32,0
DA:36,0
DA:43,0
DA:47,0
DA:51,0
DA:55,0
DA:62,0
DA:69,0
LF:24
LH:0
BRDA:23,0,0,0
BRDA:23,0,1,0
BRF:2
BRH:0
end_of_record
TN:
SF:Screens/Authenticate/Signup/Step2.js
FN:11,(anonymous_0)
FN:25,(anonymous_1)
FN:68,(anonymous_2)
FN:82,(anonymous_3)
FN:86,(anonymous_4)
FN:92,(anonymous_5)
FN:99,(anonymous_6)
FN:105,(anonymous_7)
FNF:8
FNH:0
FNDA:0,(anonymous_0)
FNDA:0,(anonymous_1)
FNDA:0,(anonymous_2)
FNDA:0,(anonymous_3)
FNDA:0,(anonymous_4)
FNDA:0,(anonymous_5)
FNDA:0,(anonymous_6)
FNDA:0,(anonymous_7)
DA:11,0
DA:13,0
DA:16,0
DA:18,0
DA:19,0
DA:20,0
DA:21,0
DA:23,0
DA:25,0
DA:26,0
DA:28,0
DA:34,0
DA:35,0
DA:36,0
DA:58,0
DA:60,0
DA:63,0
DA:64,0
DA:68,0
DA:69,0
DA:70,0
DA:71,0
DA:72,0
DA:75,0
DA:82,0
DA:86,0
DA:92,0
DA:100,0
DA:105,0
DA:120,0
LF:30
LH:0
BRDA:34,0,0,0
BRDA:34,0,1,0
BRDA:89,1,0,0
BRDA:89,1,1,0
BRDA:90,2,0,0
BRDA:90,2,1,0
BRDA:99,3,0,0
BRDA:99,3,1,0
BRDA:104,4,0,0
BRDA:104,4,1,0
BRDA:111,5,0,0
BRDA:111,5,1,0
BRF:12
BRH:0
end_of_record
TN:
SF:Screens/Calendar/Calendar.js
FN:10,(anonymous_0)
FN:20,(anonymous_1)
FN:22,(anonymous_2)
FN:27,(anonymous_3)
FN:32,(anonymous_4)
FN:37,(anonymous_5)
FNF:6
FNH:0
FNDA:0,(anonymous_0)
FNDA:0,(anonymous_1)
FNDA:0,(anonymous_2)
FNDA:0,(anonymous_3)
FNDA:0,(anonymous_4)
FNDA:0,(anonymous_5)
DA:10,0
DA:12,0
DA:14,0
DA:15,0
DA:17,0
DA:18,0
DA:20,0
DA:21,0
DA:23,0
DA:24,0
DA:28,0
DA:31,0
DA:33,0
DA:34,0
DA:38,0
DA:45,0
DA:64,0
LF:17
LH:0
BRF:0
BRH:0
end_of_record
TN:
SF:Screens/Feed/Feed.js
FN:10,(anonymous_0)
FN:20,(anonymous_1)
FN:22,(anonymous_2)
FN:27,(anonymous_3)
FN:39,(anonymous_4)
FN:53,(anonymous_5)
FNF:6
FNH:0
FNDA:0,(anonymous_0)
FNDA:0,(anonymous_1)
FNDA:0,(anonymous_2)
FNDA:0,(anonymous_3)
FNDA:0,(anonymous_4)
FNDA:0,(anonymous_5)
DA:10,0
DA:11,0
DA:13,0
DA:14,0
DA:15,0
DA:17,0
DA:20,0
DA:21,0
DA:23,0
DA:24,0
DA:28,0
DA:32,0
DA:40,0
DA:53,0
DA:60,0
LF:15
LH:0
BRF:0
BRH:0
end_of_record
TN:
SF:Screens/Feed/FeedFixedTop.js
FN:8,(anonymous_0)
FN:17,(anonymous_1)
FN:21,(anonymous_2)
FN:59,(anonymous_3)
FN:76,(anonymous_4)
FNF:5
FNH:1
FNDA:2,(anonymous_0)
FNDA:0,(anonymous_1)
FNDA:0,(anonymous_2)
FNDA:0,(anonymous_3)
FNDA:0,(anonymous_4)
DA:8,1
DA:10,2
DA:11,2
DA:12,2
DA:14,2
DA:15,2
DA:17,2
DA:18,0
DA:21,2
DA:22,0
DA:23,0
DA:33,0
DA:34,0
DA:35,0
DA:38,0
DA:39,0
DA:43,0
DA:44,0
DA:46,0
DA:49,0
DA:50,0
DA:55,2
DA:59,0
DA:76,0
DA:104,1
LF:25
LH:10
BRDA:33,0,0,0
BRDA:33,0,1,0
BRDA:65,1,0,2
BRDA:65,1,1,0
BRDA:85,2,0,0
BRDA:85,2,1,0
BRF:6
BRH:1
end_of_record
TN:
SF:Screens/Feed/Post.js
FN:14,(anonymous_0)
FN:52,(anonymous_1)
FN:58,(anonymous_2)
FN:64,(anonymous_3)
FN:67,(anonymous_4)
FN:72,(anonymous_5)
FN:82,(anonymous_6)
FN:85,(anonymous_7)
FNF:8
FNH:0
FNDA:0,(anonymous_0)
FNDA:0,(anonymous_1)
FNDA:0,(anonymous_2)
FNDA:0,(anonymous_3)
FNDA:0,(anonymous_4)
FNDA:0,(anonymous_5)
FNDA:0,(anonymous_6)
FNDA:0,(anonymous_7)
DA:14,0
DA:16,0
DA:17,0
DA:18,0
DA:20,0
DA:22,0
DA:25,0
DA:27,0
DA:29,0
DA:36,0
DA:43,0
DA:50,0
DA:52,0
DA:53,0
DA:54,0
DA:58,0
DA:59,0
DA:60,0
DA:64,0
DA:66,0
DA:69,0
DA:70,0
DA:73,0
DA:77,0
DA:82,0
DA:86,0
DA:130,0
LF:27
LH:0
BRDA:53,0,0,0
BRDA:53,0,1,0
BRDA:59,1,0,0
BRDA:59,1,1,0
BRDA:87,2,0,0
BRDA:87,2,1,0
BRF:6
BRH:0
end_of_record
TN:
SF:Screens/Feed/PostBottom.js
FN:11,(anonymous_0)
FN:20,(anonymous_1)
FN:45,(anonymous_2)
FN:72,(anonymous_3)
FNF:4
FNH:0
FNDA:0,(anonymous_0)
FNDA:0,(anonymous_1)
FNDA:0,(anonymous_2)
FNDA:0,(anonymous_3)
DA:11,0
DA:13,0
DA:15,0
DA:17,0
DA:18,0
DA:20,0
DA:21,0
DA:22,0
DA:26,0
DA:27,0
DA:28,0
DA:35,0
DA:37,0
DA:40,0
DA:41,0
DA:45,0
DA:46,0
DA:47,0
DA:48,0
DA:50,0
DA:51,0
DA:58,0
DA:60,0
DA:63,0
DA:64,0
DA:68,0
DA:73,0
DA:94,0
LF:28
LH:0
BRDA:26,0,0,0
BRDA:26,0,1,0
BRDA:48,1,0,0
BRDA:48,1,1,0
BRF:4
BRH:0
end_of_record
TN:
SF:Screens/Feed/PostTop.js
FN:5,(anonymous_0)
FN:11,(anonymous_1)
FNF:2
FNH:0
FNDA:0,(anonymous_0)
FNDA:0,(anonymous_1)
DA:5,0
DA:7,0
DA:11,0
DA:12,0
DA:15,0
DA:17,0
DA:50,0
LF:7
LH:0
BRF:0
BRH:0
end_of_record
TN:
SF:Screens/Feed/UserBottom.js
FN:6,(anonymous_0)
FN:10,(anonymous_1)
FNF:2
FNH:0
FNDA:0,(anonymous_0)
FNDA:0,(anonymous_1)
DA:6,0
DA:8,0
DA:10,0
DA:14,0
DA:38,0
LF:5
LH:0
BRF:0
BRH:0
end_of_record
TN:
SF:Screens/Feed/UserTop.js
FN:6,(anonymous_0)
FN:12,(anonymous_1)
FN:29,(anonymous_2)
FNF:3
FNH:0
FNDA:0,(anonymous_0)
FNDA:0,(anonymous_1)
FNDA:0,(anonymous_2)
DA:6,0
DA:8,0
DA:12,0
DA:13,0
DA:16,0
DA:30,0
DA:40,0
LF:7
LH:0
BRF:0
BRH:0
end_of_record
TN:
SF:Screens/Feed/Notifications/FollowRequest.js
FN:9,(anonymous_0)
FN:19,(anonymous_1)
FN:22,(anonymous_2)
FN:26,(anonymous_3)
FN:35,(anonymous_4)
FN:63,(anonymous_5)
FNF:6
FNH:0
FNDA:0,(anonymous_0)
FNDA:0,(anonymous_1)
FNDA:0,(anonymous_2)
FNDA:0,(anonymous_3)
FNDA:0,(anonymous_4)
FNDA:0,(anonymous_5)
DA:9,0
DA:11,0
DA:12,0
DA:13,0
DA:14,0
DA:15,0
DA:16,0
DA:17,0
DA:19,0
DA:21,0
DA:23,0
DA:27,0
DA:35,0
DA:36,0
DA:37,0
DA:42,0
DA:43,0
DA:46,0
DA:51,0
DA:54,0
DA:58,0
DA:59,0
DA:63,0
DA:64,0
DA:65,0
DA:70,0
DA:71,0
DA:74,0
DA:80,0
DA:82,0
DA:86,0
DA:87,0
DA:91,0
DA:109,0
LF:34
LH:0
BRDA:42,0,0,0
BRDA:42,0,1,0
BRDA:70,1,0,0
BRDA:70,1,1,0
BRF:4
BRH:0
end_of_record
TN:
SF:Screens/Feed/Notifications/Notifications.js
FN:10,(anonymous_0)
FN:18,(anonymous_1)
FN:24,(anonymous_2)
FNF:3
FNH:0
FNDA:0,(anonymous_0)
FNDA:0,(anonymous_1)
FNDA:0,(anonymous_2)
DA:10,0
DA:12,0
DA:15,0
DA:18,0
DA:25,0
DA:32,0
LF:6
LH:0
BRF:0
BRH:0
end_of_record
TN:
SF:Screens/Post/Post.js
FN:13,(anonymous_0)
FN:81,(anonymous_1)
FN:110,(anonymous_2)
FN:114,(anonymous_3)
FN:118,(anonymous_4)
FN:122,(anonymous_5)
FN:126,(anonymous_6)
FN:130,(anonymous_7)
FN:132,(anonymous_8)
FN:132,(anonymous_9)
FN:134,(anonymous_10)
FN:139,(anonymous_11)
FN:153,(anonymous_12)
FN:183,(anonymous_13)
FN:201,(anonymous_14)
FN:273,(anonymous_15)
FN:284,(anonymous_16)
FN:309,(anonymous_17)
FN:328,(anonymous_18)
FN:335,(anonymous_19)
FNF:20
FNH:0
FNDA:0,(anonymous_0)
FNDA:0,(anonymous_1)
FNDA:0,(anonymous_2)
FNDA:0,(anonymous_3)
FNDA:0,(anonymous_4)
FNDA:0,(anonymous_5)
FNDA:0,(anonymous_6)
FNDA:0,(anonymous_7)
FNDA:0,(anonymous_8)
FNDA:0,(anonymous_9)
FNDA:0,(anonymous_10)
FNDA:0,(anonymous_11)
FNDA:0,(anonymous_12)
FNDA:0,(anonymous_13)
FNDA:0,(anonymous_14)
FNDA:0,(anonymous_15)
FNDA:0,(anonymous_16)
FNDA:0,(anonymous_17)
FNDA:0,(anonymous_18)
FNDA:0,(anonymous_19)
DA:13,0
DA:15,0
DA:17,0
DA:18,0
DA:20,0
DA:21,0
DA:22,0
DA:23,0
DA:24,0
DA:25,0
DA:26,0
DA:27,0
DA:28,0
DA:29,0
DA:33,0
DA:39,0
DA:45,0
DA:51,0
DA:52,0
DA:53,0
DA:54,0
DA:81,0
DA:82,0
DA:84,0
DA:85,0
DA:86,0
DA:89,0
DA:95,0
DA:96,0
DA:97,0
DA:100,0
DA:102,0
DA:103,0
DA:104,0
DA:105,0
DA:106,0
DA:110,0
DA:111,0
DA:112,0
DA:114,0
DA:115,0
DA:116,0
DA:118,0
DA:119,0
DA:120,0
DA:122,0
DA:123,0
DA:124,0
DA:126,0
DA:127,0
DA:130,0
DA:131,0
DA:132,0
DA:133,0
DA:134,0
DA:136,0
DA:139,0
DA:140,0
DA:141,0
DA:142,0
DA:143,0
DA:144,0
DA:145,0
DA:146,0
DA:147,0
DA:148,0
DA:149,0
DA:153,0
DA:155,0
DA:157,0
DA:166,0
DA:167,0
DA:168,0
DA:171,0
DA:172,0
DA:173,0
DA:174,0
DA:175,0
DA:178,0
DA:182,0
DA:184,0
DA:185,0
DA:186,0
DA:188,0
DA:191,0
DA:192,0
DA:194,0
DA:197,0
DA:198,0
DA:202,0
DA:203,0
DA:206,0
DA:210,0
DA:211,0
DA:214,0
DA:215,0
DA:216,0
DA:218,0
DA:221,0
DA:222,0
DA:226,0
DA:273,0
DA:284,0
DA:309,0
DA:328,0
DA:335,0
DA:349,0
DA:360,0
LF:108
LH:0
BRDA:84,0,0,0
BRDA:84,0,1,0
BRDA:95,1,0,0
BRDA:95,1,1,0
BRDA:102,2,0,0
BRDA:102,2,1,0
BRDA:102,3,0,0
BRDA:102,3,1,0
BRDA:131,4,0,0
BRDA:131,4,1,0
BRDA:133,5,0,0
BRDA:133,5,1,0
BRDA:166,6,0,0
BRDA:166,6,1,0
BRDA:173,7,0,0
BRDA:173,7,1,0
BRDA:173,8,0,0
BRDA:173,8,1,0
BRDA:191,9,0,0
BRDA:191,9,1,0
BRDA:258,10,0,0
BRDA:258,10,1,0
BRDA:319,11,0,0
BRDA:319,11,1,0
BRDA:320,12,0,0
BRDA:320,12,1,0
BRDA:325,13,0,0
BRDA:325,13,1,0
BRF:28
BRH:0
end_of_record
TN:
SF:Screens/Post/SelectDate.js
FN:5,(anonymous_0)
FN:7,(anonymous_1)
FN:17,(anonymous_2)
FN:22,(anonymous_3)
FNF:4
FNH:2
FNDA:2,(anonymous_0)
FNDA:0,(anonymous_1)
FNDA:0,(anonymous_2)
FNDA:2,(anonymous_3)
DA:5,1
DA:7,2
DA:8,0
DA:11,2
DA:18,0
DA:23,2
DA:32,1
LF:7
LH:5
BRDA:23,0,0,0
BRDA:23,0,1,2
BRF:2
BRH:1
end_of_record
TN:
SF:Screens/Post/Tags.js
FN:5,(anonymous_0)
FN:8,(anonymous_1)
FN:13,(anonymous_2)
FNF:3
FNH:3
FNDA:2,(anonymous_0)
FNDA:6,(anonymous_1)
FNDA:1,(anonymous_2)
DA:5,1
DA:6,2
DA:9,6
DA:10,6
DA:13,1
DA:25,1
LF:6
LH:6
BRF:0
BRH:0
end_of_record
TN:
SF:Screens/Profile/Bubble.js
FN:4,(anonymous_0)
FN:7,(anonymous_1)
FNF:2
FNH:2
FNDA:2,(anonymous_0)
FNDA:1,(anonymous_1)
DA:4,2
DA:5,2
DA:7,2
DA:8,1
DA:9,1
DA:12,2
DA:24,2
LF:7
LH:7
BRF:0
BRH:0
end_of_record
TN:
SF:Screens/Profile/EditProfile.js
FN:12,(anonymous_0)
FN:33,(anonymous_1)
FN:61,(anonymous_2)
FN:89,(anonymous_3)
FN:100,(anonymous_4)
FN:108,(anonymous_5)
FN:135,(anonymous_6)
FN:152,(anonymous_7)
FN:174,(anonymous_8)
FN:191,(anonymous_9)
FN:232,(anonymous_10)
FN:287,(anonymous_11)
FN:294,(anonymous_12)
FN:305,(anonymous_13)
FN:316,(anonymous_14)
FN:323,(anonymous_15)
FN:329,(anonymous_16)
FN:343,(anonymous_17)
FN:357,(anonymous_18)
FNF:19
FNH:0
FNDA:0,(anonymous_0)
FNDA:0,(anonymous_1)
FNDA:0,(anonymous_2)
FNDA:0,(anonymous_3)
FNDA:0,(anonymous_4)
FNDA:0,(anonymous_5)
FNDA:0,(anonymous_6)
FNDA:0,(anonymous_7)
FNDA:0,(anonymous_8)
FNDA:0,(anonymous_9)
FNDA:0,(anonymous_10)
FNDA:0,(anonymous_11)
FNDA:0,(anonymous_12)
FNDA:0,(anonymous_13)
FNDA:0,(anonymous_14)
FNDA:0,(anonymous_15)
FNDA:0,(anonymous_16)
FNDA:0,(anonymous_17)
FNDA:0,(anonymous_18)
DA:12,0
DA:14,0
DA:16,0
DA:17,0
DA:21,0
DA:22,0
DA:23,0
DA:24,0
DA:25,0
DA:26,0
DA:27,0
DA:28,0
DA:29,0
DA:33,0
DA:34,0
DA:36,0
DA:37,0
DA:38,0
DA:41,0
DA:47,0
DA:48,0
DA:49,0
DA:52,0
DA:54,0
DA:55,0
DA:56,0
DA:57,0
DA:61,0
DA:62,0
DA:64,0
DA:65,0
DA:66,0
DA:69,0
DA:75,0
DA:76,0
DA:77,0
DA:80,0
DA:82,0
DA:83,0
DA:84,0
DA:85,0
DA:89,0
DA:90,0
DA:91,0
DA:92,0
DA:93,0
DA:94,0
DA:95,0
DA:96,0
DA:97,0
DA:100,0
DA:101,0
DA:102,0
DA:103,0
DA:104,0
DA:108,0
DA:109,0
DA:110,0
DA:119,0
DA:120,0
DA:123,0
DA:124,0
DA:125,0
DA:126,0
DA:127,0
DA:130,0
DA:134,0
DA:136,0
DA:137,0
DA:138,0
DA:139,0
DA:142,0
DA:143,0
DA:145,0
DA:148,0
DA:149,0
DA:153,0
DA:154,0
DA:157,0
DA:162,0
DA:163,0
DA:164,0
DA:165,0
DA:166,0
DA:169,0
DA:173,0
DA:175,0
DA:176,0
DA:177,0
DA:178,0
DA:181,0
DA:182,0
DA:184,0
DA:187,0
DA:188,0
DA:192,0
DA:193,0
DA:196,0
DA:200,0
DA:204,0
DA:205,0
DA:206,0
DA:208,0
DA:211,0
DA:212,0
DA:223,0
DA:232,0
DA:287,0
DA:294,0
DA:305,0
DA:316,0
DA:324,0
DA:329,0
DA:343,0
DA:357,0
DA:369,0
DA:380,0
LF:117
LH:0
BRDA:36,0,0,0
BRDA:36,0,1,0
BRDA:47,1,0,0
BRDA:47,1,1,0
BRDA:54,2,0,0
BRDA:54,2,1,0
BRDA:54,3,0,0
BRDA:54,3,1,0
BRDA:64,4,0,0
BRDA:64,4,1,0
BRDA:75,5,0,0
BRDA:75,5,1,0
BRDA:82,6,0,0
BRDA:82,6,1,0
BRDA:82,7,0,0
BRDA:82,7,1,0
BRDA:119,8,0,0
BRDA:119,8,1,0
BRDA:125,9,0,0
BRDA:125,9,1,0
BRDA:125,10,0,0
BRDA:125,10,1,0
BRDA:142,11,0,0
BRDA:142,11,1,0
BRDA:164,12,0,0
BRDA:164,12,1,0
BRDA:164,13,0,0
BRDA:164,13,1,0
BRDA:181,14,0,0
BRDA:181,14,1,0
BRDA:260,15,0,0
BRDA:260,15,1,0
BRDA:270,16,0,0
BRDA:270,16,1,0
BRDA:313,17,0,0
BRDA:313,17,1,0
BRDA:314,18,0,0
BRDA:314,18,1,0
BRDA:323,19,0,0
BRDA:323,19,1,0
BRDA:328,20,0,0
BRDA:328,20,1,0
BRF:42
BRH:0
end_of_record
TN:
SF:Screens/Profile/FriendProfileView.js
FN:15,(anonymous_0)
FN:28,(anonymous_1)
FN:32,(anonymous_2)
FN:33,(anonymous_3)
FN:36,(anonymous_4)
FN:42,(anonymous_5)
FN:47,(anonymous_6)
FN:78,(anonymous_7)
FN:117,(anonymous_8)
FN:208,(anonymous_9)
FN:239,(anonymous_10)
FNF:11
FNH:1
FNDA:2,(anonymous_0)
FNDA:0,(anonymous_1)
FNDA:0,(anonymous_2)
FNDA:0,(anonymous_3)
FNDA:0,(anonymous_4)
FNDA:0,(anonymous_5)
FNDA:0,(anonymous_6)
FNDA:0,(anonymous_7)
FNDA:0,(anonymous_8)
FNDA:0,(anonymous_9)
FNDA:0,(anonymous_10)
DA:15,1
DA:16,2
DA:17,2
DA:18,2
DA:21,2
DA:22,2
DA:23,2
DA:24,2
DA:26,2
DA:28,2
DA:29,0
DA:32,2
DA:33,0
DA:34,0
DA:36,0
DA:39,0
DA:40,0
DA:42,0
DA:43,0
DA:44,0
DA:47,0
DA:48,0
DA:49,0
DA:54,0
DA:55,0
DA:57,0
DA:58,0
DA:61,0
DA:66,0
DA:69,0
DA:73,0
DA:74,0
DA:78,0
DA:79,0
DA:80,0
DA:85,0
DA:86,0
DA:88,0
DA:89,0
DA:90,0
DA:93,0
DA:98,0
DA:99,0
DA:100,0
DA:103,0
DA:107,0
DA:108,0
DA:112,0
DA:117,0
DA:209,0
DA:240,0
DA:260,1
LF:52
LH:12
BRDA:34,0,0,0
BRDA:34,0,1,0
BRDA:34,1,0,0
BRDA:34,1,1,0
BRDA:54,2,0,0
BRDA:54,2,1,0
BRDA:85,3,0,0
BRDA:85,3,1,0
BRDA:139,4,0,0
BRDA:139,4,1,0
BRDA:184,5,0,0
BRDA:184,5,1,0
BRDA:184,6,0,0
BRDA:184,6,1,0
BRDA:185,7,0,0
BRDA:185,7,1,0
BRDA:219,8,0,0
BRDA:219,8,1,0
BRDA:233,9,0,0
BRDA:233,9,1,0
BRF:20
BRH:0
end_of_record
TN:
SF:Screens/Profile/IndividualPost.js
FN:10,(anonymous_0)
FN:19,(anonymous_1)
FN:21,(anonymous_2)
FN:24,(anonymous_3)
FN:31,(anonymous_4)
FNF:5
FNH:0
FNDA:0,(anonymous_0)
FNDA:0,(anonymous_1)
FNDA:0,(anonymous_2)
FNDA:0,(anonymous_3)
FNDA:0,(anonymous_4)
DA:10,1
DA:12,0
DA:13,0
DA:14,0
DA:16,0
DA:17,0
DA:19,0
DA:20,0
DA:22,0
DA:25,0
DA:26,0
DA:30,0
DA:31,0
DA:51,1
LF:14
LH:2
BRF:0
BRH:0
end_of_record
TN:
SF:Screens/Profile/MyEvents.js
FN:60,(anonymous_0)
FN:63,(anonymous_1)
FNF:2
FNH:0
FNDA:0,(anonymous_0)
FNDA:0,(anonymous_1)
DA:7,1
DA:60,1
DA:61,0
DA:64,0
DA:77,1
LF:5
LH:3
BRF:0
BRH:0
end_of_record
TN:
SF:Screens/Profile/MyGroups.js
FN:8,(anonymous_0)
FN:16,(anonymous_1)
FN:18,(anonymous_2)
FN:22,(anonymous_3)
FNF:4
FNH:0
FNDA:0,(anonymous_0)
FNDA:0,(anonymous_1)
FNDA:0,(anonymous_2)
FNDA:0,(anonymous_3)
DA:8,1
DA:10,0
DA:12,0
DA:14,0
DA:16,0
DA:17,0
DA:19,0
DA:23,0
DA:24,0
DA:28,0
DA:36,1
LF:11
LH:2
BRF:0
BRH:0
end_of_record
TN:
SF:Screens/Profile/ProfileUser.js
FN:14,(anonymous_0)
FN:20,(anonymous_1)
FN:25,(anonymous_2)
FN:29,(anonymous_3)
FN:34,(anonymous_4)
FN:87,(anonymous_5)
FNF:6
FNH:0
FNDA:0,(anonymous_0)
FNDA:0,(anonymous_1)
FNDA:0,(anonymous_2)
FNDA:0,(anonymous_3)
FNDA:0,(anonymous_4)
FNDA:0,(anonymous_5)
DA:14,0
DA:16,0
DA:17,0
DA:18,0
DA:19,0
DA:20,0
DA:22,0
DA:23,0
DA:25,0
DA:26,0
DA:29,0
DA:30,0
DA:31,0
DA:34,0
DA:35,0
DA:36,0
DA:39,0
DA:88,0
DA:114,0
LF:19
LH:0
BRF:0
BRH:0
end_of_record
TN:
SF:Screens/SavedEvents/SavedEvents.js
FN:10,(anonymous_0)
FN:18,(anonymous_1)
FN:20,(anonymous_2)
FN:24,(anonymous_3)
FNF:4
FNH:0
FNDA:0,(anonymous_0)
FNDA:0,(anonymous_1)
FNDA:0,(anonymous_2)
FNDA:0,(anonymous_3)
DA:10,0
DA:12,0
DA:14,0
DA:16,0
DA:18,0
DA:19,0
DA:21,0
DA:22,0
DA:25,0
DA:29,0
DA:47,0
LF:11
LH:0
BRF:0
BRH:0
end_of_record
TN:
SF:Shared/AttendingUser.js
FN:6,(anonymous_0)
FNF:1
FNH:0
FNDA:0,(anonymous_0)
DA:6,2
DA:8,0
DA:9,0
DA:13,0
DA:26,2
LF:5
LH:2
BRF:0
BRH:0
end_of_record
TN:
SF:Shared/BubbleText.js
FN:4,(anonymous_0)
FNF:1
FNH:1
FNDA:8,(anonymous_0)
DA:4,3
DA:5,8
DA:6,8
DA:8,8
DA:15,3
LF:5
LH:5
BRDA:9,0,0,8
BRDA:9,0,1,1
BRF:2
BRH:2
end_of_record
TN:
SF:Shared/EventCard.js
FN:6,(anonymous_0)
FN:12,(anonymous_1)
FNF:2
FNH:0
FNDA:0,(anonymous_0)
FNDA:0,(anonymous_1)
DA:6,1
DA:8,0
DA:9,0
DA:11,0
DA:12,0
DA:48,1
LF:6
LH:2
BRF:0
BRH:0
end_of_record
TN:
SF:Shared/EventDetails.js
FN:9,(anonymous_0)
FN:20,(anonymous_1)
FN:26,(anonymous_2)
FNF:3
FNH:0
FNDA:0,(anonymous_0)
FNDA:0,(anonymous_1)
FNDA:0,(anonymous_2)
DA:9,1
DA:11,0
DA:12,0
DA:20,0
DA:24,0
DA:26,0
DA:69,1
LF:7
LH:2
BRF:0
BRH:0
end_of_record
TN:
SF:Shared/GetAge.js
FN:1,(anonymous_0)
FNF:1
FNH:1
FNDA:3,(anonymous_0)
DA:1,3
LF:1
LH:1
BRF:0
BRH:0
end_of_record
